"../../../Engine/Content/EditorBlueprintResources/StandardMacros.uasset" 0
"C:/Users/loict/OneDrive/Documents/B3/Projet/Projet_Dev_B3/Content/WorldObjects/Triggerables/BP_BlueprintTriggerable.uasset" 1
"C:/Users/loict/OneDrive/Documents/B3/Projet/Projet_Dev_B3/Content/Resources/monster.uasset" 2
"C:/Users/loict/OneDrive/Documents/B3/Projet/Projet_Dev_B3/Content/WorldObjects/Triggerables/Triggers/BP_TSpawner.uasset" 3
"../../../Engine/Content/BasicShapes/BasicShapeMaterial.uasset" 4
"C:/Users/loict/OneDrive/Documents/B3/Projet/Projet_Dev_B3/Content/Resources/Materials/M_Green.uasset" 5
"../../../Engine/Content/Functions/Engine_MaterialFunctions01/Opacity/CameraDepthFade.uasset" 6
"../../../Engine/Content/EngineMaterials/T_Default_Material_Grid_M.uasset" 7
"../../../Engine/Content/EngineMaterials/T_Default_Material_Grid_N.uasset" 8
"../../../Engine/Content/EngineMaterials/WorldGridMaterial.uasset" 9
"../../../Engine/Content/BasicShapes/Cube.uasset" 10
"C:/Users/loict/OneDrive/Documents/B3/Projet/Projet_Dev_B3/Content/Enemies/CH_Zombie.uasset" 11
"C:/Users/loict/OneDrive/Documents/B3/Projet/Projet_Dev_B3/Content/Player/portals/CM_redPortal.uasset" 12
"C:/Users/loict/OneDrive/Documents/B3/Projet/Projet_Dev_B3/Content/Player/portals/CM_bluePortal.uasset" 13
"C:/Users/loict/OneDrive/Documents/B3/Projet/Projet_Dev_B3/Content/Player/portals/M_BluePortal.uasset" 14
"C:/Users/loict/OneDrive/Documents/B3/Projet/Projet_Dev_B3/Content/Resources/Materials/M_Red.uasset" 15
"../../../Engine/Content/EngineMaterials/DefaultMaterial.uasset" 16
"../../../Engine/Content/BasicShapes/Cone.uasset" 17
"../../../Engine/Content/BasicShapes/Plane.uasset" 18
"C:/Users/loict/OneDrive/Documents/B3/Projet/Projet_Dev_B3/Content/Player/portals/BP_redPortal.uasset" 19
"C:/Users/loict/OneDrive/Documents/B3/Projet/Projet_Dev_B3/Content/Player/portals/M_RedPortal.uasset" 20
"C:/Users/loict/OneDrive/Documents/B3/Projet/Projet_Dev_B3/Content/Resources/Materials/M_Blue.uasset" 21
"C:/Users/loict/OneDrive/Documents/B3/Projet/Projet_Dev_B3/Content/Player/portals/BP_bluePortal.uasset" 22
"C:/Users/loict/OneDrive/Documents/B3/Projet/Projet_Dev_B3/Content/Resources/Materials/M_Grey.uasset" 23
"C:/Users/loict/OneDrive/Documents/B3/Projet/Projet_Dev_B3/Content/WorldObjects/BP_PortalableWall.uasset" 24
"../../../Engine/Content/BasicShapes/Cylinder.uasset" 25
"../../../Engine/Content/BasicShapes/Sphere.uasset" 26
"C:/Users/loict/OneDrive/Documents/B3/Projet/Projet_Dev_B3/Content/Player/ammos/BP_Ammo.uasset" 27
"C:/Users/loict/OneDrive/Documents/B3/Projet/Projet_Dev_B3/Content/BP_Instance.uasset" 28
"C:/Users/loict/OneDrive/Documents/B3/Projet/Projet_Dev_B3/Content/Player/w_httpTest.uasset" 29
"C:/Users/loict/OneDrive/Documents/B3/Projet/Projet_Dev_B3/Content/Player/w_playerHUD.uasset" 30
"C:/Users/loict/OneDrive/Documents/B3/Projet/Projet_Dev_B3/Content/Resources/crosshair.uasset" 31
"C:/Users/loict/OneDrive/Documents/B3/Projet/Projet_Dev_B3/Content/Widgets/W_Dot.uasset" 32
"C:/Users/loict/OneDrive/Documents/B3/Projet/Projet_Dev_B3/Content/Player/CH_player.uasset" 33
"C:/Users/loict/OneDrive/Documents/B3/Projet/Projet_Dev_B3/Content/Resources/download.uasset" 34
"C:/Users/loict/OneDrive/Documents/B3/Projet/Projet_Dev_B3/Content/Widgets/W_VictoryScreen.uasset" 35
"C:/Users/loict/OneDrive/Documents/B3/Projet/Projet_Dev_B3/Content/WorldObjects/BP_Finish.uasset" 36
"C:/Users/loict/OneDrive/Documents/B3/Projet/Projet_Dev_B3/Content/BP_Finish.uasset" 37
"C:/Users/loict/OneDrive/Documents/B3/Projet/Projet_Dev_B3/Content/Player/PC_Player.uasset" 38
"C:/Users/loict/OneDrive/Documents/B3/Projet/Projet_Dev_B3/Content/Player/BP_GameMode.uasset" 39
"C:/Users/loict/OneDrive/Documents/B3/Projet/Projet_Dev_B3/Content/BP_GameMode.uasset" 40
"C:/Users/loict/OneDrive/Documents/B3/Projet/Projet_Dev_B3/Content/Enemies/BP_Zombie.uasset" 41
"C:/Users/loict/OneDrive/Documents/B3/Projet/Projet_Dev_B3/Content/Enemies/CH_Turret.uasset" 42
"C:/Users/loict/OneDrive/Documents/B3/Projet/Projet_Dev_B3/Content/Enemies/CH_TurretFull.uasset" 43
"C:/Users/loict/OneDrive/Documents/B3/Projet/Projet_Dev_B3/Content/Resources/flag.uasset" 44
"C:/Users/loict/OneDrive/Documents/B3/Projet/Projet_Dev_B3/Content/Widgets/W_UseInput.uasset" 45
"C:/Users/loict/OneDrive/Documents/B3/Projet/Projet_Dev_B3/Content/WorldObjects/Triggerables/Triggers/BP_TButton.uasset" 46
"C:/Users/loict/OneDrive/Documents/B3/Projet/Projet_Dev_B3/Content/WorldObjects/BP_Button.uasset" 47
"C:/Users/loict/OneDrive/Documents/B3/Projet/Projet_Dev_B3/Content/WorldObjects/BP_ScaledPlatform.uasset" 48
"C:/Users/loict/OneDrive/Documents/B3/Projet/Projet_Dev_B3/Content/WorldObjects/BP_RandomPlatformArea.uasset" 49
"C:/Users/loict/OneDrive/Documents/B3/Projet/Projet_Dev_B3/Content/WorldObjects/Triggerables/BP_BTBridge.uasset" 50
"C:/Users/loict/OneDrive/Documents/B3/Projet/Projet_Dev_B3/Content/WorldObjects/ButtonTriggers/BP_BTBridge.uasset" 51
"C:/Users/loict/OneDrive/Documents/B3/Projet/Projet_Dev_B3/Content/WorldObjects/Triggerables/BP_BTDoor.uasset" 52
"C:/Users/loict/OneDrive/Documents/B3/Projet/Projet_Dev_B3/Content/WorldObjects/ButtonTriggers/BP_BTDoor.uasset" 53
"C:/Users/loict/OneDrive/Documents/B3/Projet/Projet_Dev_B3/Content/WorldObjects/ButtonTriggers/Triggers/BP_Button.uasset" 54
"C:/Users/loict/OneDrive/Documents/B3/Projet/Projet_Dev_B3/Content/WorldObjects/Triggerables/Triggers/BP_TWeapon.uasset" 55
"C:/Users/loict/OneDrive/Documents/B3/Projet/Projet_Dev_B3/Content/WorldObjects/ButtonTriggers/Triggers/BP_Weapon.uasset" 56
"C:/Users/loict/OneDrive/Documents/B3/Projet/Projet_Dev_B3/Content/WorldObjects/Triggerables/BP_Button.uasset" 57
"C:/Users/loict/OneDrive/Documents/B3/Projet/Projet_Dev_B3/Content/WorldObjects/Triggerables/BP_Button_C.uasset" 58
"../../../Engine/Content/Animation/DefaultAnimCurveCompressionSettings.uasset" 59
"../../../Engine/Content/ArtTools/RenderToTexture/Meshes/S_1_Unit_Plane.uasset" 60
"../../../Engine/Content/EditorLandscapeResources/DataLayer.uasset" 61
"../../../Engine/Content/EditorMaterials/MAT_Groups_Toggle.uasset" 62
"../../../Engine/Content/EditorMaterials/MAT_Groups_Visibility.uasset" 63
"../../../Engine/Content/EditorMaterials/PreviewShadowIndicator.uasset" 64
"../../../Engine/Content/EditorMaterials/PreviewShadowIndicatorMaterial.uasset" 65
"../../../Engine/Content/EditorMaterials/MatineeGroups/MAT_ColorTrack.uasset" 66
"../../../Engine/Content/EditorMaterials/MatineeGroups/MAT_Groups_Anim.uasset" 67
"../../../Engine/Content/EditorMaterials/MatineeGroups/MAT_Groups_AudioMaster.uasset" 68
"../../../Engine/Content/EditorMaterials/MatineeGroups/MAT_Groups_Director.uasset" 69
"../../../Engine/Content/EditorMaterials/MatineeGroups/MAT_Groups_Event.uasset" 70
"../../../Engine/Content/EditorMaterials/MatineeGroups/MAT_Groups_Fade.uasset" 71
"../../../Engine/Content/EditorMaterials/MatineeGroups/MAT_Groups_Float.uasset" 72
"../../../Engine/Content/EditorMaterials/MatineeGroups/MAT_Groups_Move.uasset" 73
"../../../Engine/Content/EditorMaterials/MatineeGroups/MAT_Groups_Slomo.uasset" 74
"../../../Engine/Content/EditorMaterials/MatineeGroups/MAT_Groups_Sound.uasset" 75
"../../../Engine/Content/EditorMaterials/MatineeGroups/MAT_Groups_Vector.uasset" 76
"../../../Engine/Content/EditorMaterials/ParticleSystems/PSysThumbnail_NoImage.uasset" 77
"../../../Engine/Content/EditorMaterials/ParticleSystems/PSysThumbnail_OOD.uasset" 78
"../../../Engine/Content/EditorMaterials/Camera/CineMat.uasset" 79
"../../../Engine/Content/EditorMaterials/Camera/MI_CineMat_Rig.uasset" 80
"../../../Engine/Content/EditorMeshes/Camera/SM_CraneRig_Arm.uasset" 81
"../../../Engine/Content/EditorMeshes/Camera/SM_CraneRig_Base.uasset" 82
"../../../Engine/Content/EditorMeshes/Camera/SM_CraneRig_Body.uasset" 83
"../../../Engine/Content/EditorMeshes/Camera/SM_CraneRig_Mount.uasset" 84
"../../../Engine/Content/EditorMeshes/Camera/SM_RailRig_Mount.uasset" 85
"../../../Engine/Content/EditorMeshes/Camera/SM_RailRig_Track.uasset" 86
"../../../Engine/Content/EditorResources/BSPVertex.uasset" 87
"../../../Engine/Content/EditorResources/EmptyActor.uasset" 88
"../../../Engine/Content/EditorResources/S_Actor.uasset" 89
"../../../Engine/Content/EditorResources/S_Note.uasset" 90
"../../../Engine/Content/EditorResources/S_Solver.uasset" 91
"../../../Engine/Content/EditorResources/S_Trigger.uasset" 92
"../../../Engine/Content/EditorResources/LightIcons/S_LightError.uasset" 93
"../../../Engine/Content/EditorResources/SequenceRecorder/Countdown.uasset" 94
"../../../Engine/Content/EditorResources/SequenceRecorder/RecordingIndicator.uasset" 95
"../../../Engine/Content/EditorSounds/Notifications/CompileFailed.uasset" 96
"../../../Engine/Content/EditorSounds/Notifications/CompileFailed_Cue.uasset" 97
"../../../Engine/Content/EditorSounds/Notifications/CompileSuccess.uasset" 98
"../../../Engine/Content/EditorSounds/Notifications/CompileStart_Cue.uasset" 99
"../../../Engine/Content/EditorSounds/Notifications/CompileSuccess_Cue.uasset" 100
"../../../Engine/Content/EngineDamageTypes/DmgTypeBP_Environmental.uasset" 101
"../../../Engine/Content/EngineDebugMaterials/DebugEditorMaterial.uasset" 102
"../../../Engine/Content/EngineDebugMaterials/DebugMeshMaterial.uasset" 103
"../../../Engine/Content/EngineDebugMaterials/M_SimpleTranslucent.uasset" 104
"../../../Engine/Content/Functions/Engine_MaterialFunctions02/Utility/CameraDirectionVector.uasset" 105
"../../../Engine/Content/EngineDebugMaterials/VolumeToRender.uasset" 106
"../../../Engine/Content/EngineDebugMaterials/M_VolumeRenderSphereTracePP.uasset" 107
"../../../Engine/Content/EngineDebugMaterials/WireframeMaterial.uasset" 108
"../../../Engine/Content/EngineFonts/Faces/DroidSansFallback.uasset" 109
"../../../Engine/Content/EngineFonts/Faces/RobotoBold.uasset" 110
"../../../Engine/Content/EngineFonts/Faces/RobotoBoldItalic.uasset" 111
"../../../Engine/Content/EngineFonts/Faces/RobotoItalic.uasset" 112
"../../../Engine/Content/EngineFonts/Faces/RobotoLight.uasset" 113
"../../../Engine/Content/EngineFonts/Faces/RobotoRegular.uasset" 114
"../../../Engine/Content/EngineFonts/Roboto.uasset" 115
"../../../Engine/Content/EngineMaterials/BaseFlattenDiffuseMap.uasset" 116
"../../../Engine/Content/EngineMaterials/BaseFlattenEmissiveMap.uasset" 117
"../../../Engine/Content/EngineMaterials/BaseFlattenGrayscaleMap.uasset" 118
"../../../Engine/Content/EngineMaterials/BaseFlattenNormalMap.uasset" 119
"../../../Engine/Content/EngineMaterials/BaseFlattenMaterial.uasset" 120
"../../../Engine/Content/EngineMaterials/BlueNoise.uasset" 121
"../../../Engine/Content/EngineMaterials/DefaultBloomKernel.uasset" 122
"../../../Engine/Content/EngineMaterials/DefaultBokeh.uasset" 123
"../../../Engine/Content/EngineMaterials/DefaultDiffuse.uasset" 124
"../../../Engine/Content/EngineMaterials/DefaultDeferredDecalMaterial.uasset" 125
"../../../Engine/Content/EngineMaterials/DefaultLightFunctionMaterial.uasset" 126
"../../../Engine/Content/EngineMaterials/DefaultPhysicalMaterial.uasset" 127
"../../../Engine/Content/Functions/Engine_MaterialFunctions02/Utility/BreakOutFloat2Components.uasset" 128
"../../../Engine/Content/EngineMaterials/DefaultPostProcessMaterial.uasset" 129
"../../../Engine/Content/EngineFonts/RobotoDistanceField.uasset" 130
"../../../Engine/Content/EngineMaterials/DefaultTextMaterialOpaque.uasset" 131
"../../../Engine/Content/EngineMaterials/DefaultVirtualTextureMaterial.uasset" 132
"../../../Engine/Content/EngineMaterials/DefaultWhiteGrid.uasset" 133
"../../../Engine/Content/EngineMaterials/DefaultWhiteGrid_Low.uasset" 134
"../../../Engine/Content/EngineMaterials/EmissiveMeshMaterial.uasset" 135
"../../../Engine/Content/EngineMaterials/GizmoMaterial.uasset" 136
"../../../Engine/Content/EngineMaterials/Good64x64TilingNoiseHighFreq.uasset" 137
"../../../Engine/Content/EngineMaterials/HairDefaultMaterial.uasset" 138
"../../../Engine/Content/EngineMaterials/MiniFont.uasset" 139
"../../../Engine/Content/EngineMaterials/InvalidLightmapSettings.uasset" 140
"../../../Engine/Content/EngineMaterials/M_InvalidLightmapSettings.uasset" 141
"../../../Engine/Content/Functions/Engine_MaterialFunctions02/WorldPositionOffset/CameraOffset.uasset" 142
"../../../Engine/Content/EngineMaterials/PhAT_JointLimitMaterial.uasset" 143
"../../../Engine/Content/EngineMaterials/PreintegratedSkinBRDF.uasset" 144
"../../../Engine/Content/EngineMaterials/RemoveSurfaceMaterial.uasset" 145
"../../../Engine/Content/EngineMaterials/WeightMapPlaceholderTexture.uasset" 146
"../../../Engine/Content/EngineResources/WhiteSquareTexture.uasset" 147
"../../../Engine/Content/EngineMaterials/Widget3DPassThrough.uasset" 148
"../../../Engine/Content/EngineMaterials/Widget3DPassThrough_Masked.uasset" 149
"../../../Engine/Content/EngineMaterials/Widget3DPassThrough_Opaque.uasset" 150
"../../../Engine/Content/EngineMaterials/Widget3DPassThrough_Masked_OneSided.uasset" 151
"../../../Engine/Content/EngineMaterials/Widget3DPassThrough_Opaque_OneSided.uasset" 152
"../../../Engine/Content/EngineMaterials/Widget3DPassThrough_Translucent.uasset" 153
"../../../Engine/Content/EngineMaterials/Widget3DPassThrough_Translucent_OneSided.uasset" 154
"../../../Engine/Content/EngineMeshes/Cylinder.uasset" 155
"../../../Engine/Content/EngineMeshes/Sphere.uasset" 156
"../../../Engine/Content/EngineResources/Black.uasset" 157
"../../../Engine/Content/EngineResources/DefaultTexture.uasset" 158
"../../../Engine/Content/EngineResources/DefaultTextureCube.uasset" 159
"../../../Engine/Content/EngineResources/DefaultVolumeTexture2D.uasset" 160
"../../../Engine/Content/EngineResources/DefaultVolumeTexture.uasset" 161
"../../../Engine/Content/EngineResources/GradientTexture0.uasset" 162
"../../../Engine/Content/EngineSounds/Master.uasset" 163
"../../../Engine/Content/Functions/Engine_MaterialFunctions01/Shading/ConvertFromDiffSpec.uasset" 164
"../../../Engine/Content/Functions/Engine_MaterialFunctions01/Shading/PowerToRoughness.uasset" 165
"../../../Engine/Content/Maps/Templates/Thumbnails/Default.uasset" 166
"../../../Engine/Content/Maps/Templates/Thumbnails/TimeOfDay.uasset" 167
"../../../Engine/Content/Maps/Templates/Thumbnails/VR-Basic.uasset" 168
"../../../Engine/Content/MobileResources/T_MobileControls_texture.uasset" 169
"../../../Engine/Content/MobileResources/T_MobileMenu2.uasset" 170
"../../../Engine/Content/MobileResources/HUD/AnalogHat.uasset" 171
"../../../Engine/Content/MobileResources/HUD/VirtualJoystick_Background.uasset" 172
"../../../Engine/Content/MobileResources/HUD/VirtualJoystick_Thumb.uasset" 173
"../../../Engine/Content/MobileResources/HUD/DefaultVirtualJoysticks.uasset" 174
"../../../Engine/Content/MobileResources/HUD/LeftVirtualJoystickOnly.uasset" 175
"../../../Engine/Content/MobileResources/HUD/MobileHUDButton1_off.uasset" 176
"../../../Engine/Content/MobileResources/HUD/MobileHUDButton1_on.uasset" 177
"../../../Engine/Content/MobileResources/HUD/MobileHUDButton2_off.uasset" 178
"../../../Engine/Content/MobileResources/HUD/MobileHUDButton2_on.uasset" 179
"../../../Engine/Content/MobileResources/HUD/MobileHUDButton3.uasset" 180
"../../../Engine/Content/MobileResources/HUD/MobileHUDButtonFire.uasset" 181
"../../../Engine/Content/MobileResources/HUD/MobileHUDDirectionPad.uasset" 182
"../../../Engine/Content/MobileResources/HUD/MobileHUDDirectionPad2.uasset" 183
"../../../Engine/Content/MobileResources/HUD/MobileHUDDirectionPad3.uasset" 184
"../../../Engine/Content/MobileResources/HUD/MobileHUDDirectionStick.uasset" 185
"../../../Engine/Content/MobileResources/HUD/T_Castle_ThumbstickInner.uasset" 186
"../../../Engine/Content/MobileResources/HUD/T_Castle_ThumbstickOutter.uasset" 187
"../../../Engine/Content/Tutorial/ContentIntroCurve.uasset" 188
"../../../Engine/Content/Tutorial/Basics/LevelEditorAttract.uasset" 189
"../../../Engine/Content/Tutorial/Installation/InstallingVisualStudioTutorial.uasset" 190
"../../../Engine/Content/VREditor/LaserPointer/VR_LaserPower_01.uasset" 191
"../../../Engine/Content/VREditor/TransformGizmo/TransformGizmoMaterial.uasset" 192
"../../../Engine/Content/VREditor/TransformGizmo/TranslucentTransformGizmoMaterial.uasset" 193
"../../../Engine/Content/VREditor/TransformGizmo/BoundingBoxCorner.uasset" 194
"../../../Engine/Content/VREditor/TransformGizmo/BoundingBoxEdge.uasset" 195
"../../../Engine/Content/VREditor/TransformGizmo/PlaneTranslationHandle.uasset" 196
"../../../Engine/Content/VREditor/TransformGizmo/Main.uasset" 197
"../../../Engine/Content/VREditor/TransformGizmo/Xray.uasset" 198
"../../../Engine/Content/VREditor/TransformGizmo/SM_Sequencer_Key.uasset" 199
"../../../Engine/Content/VREditor/TransformGizmo/SM_Sequencer_Node.uasset" 200
"../../Plugins/2D/Paper2D/Content/PlaceholderTextures/DummySpriteTexture.uasset" 201
"../../Plugins/2D/Paper2D/Content/DummySprite.uasset" 202
"../../Plugins/2D/Paper2D/Content/DefaultPaperTerrainMaterial.uasset" 203
"../../Plugins/2D/Paper2D/Content/DummySpriteTexture.uasset" 204
"../../Plugins/2D/Paper2D/Content/DefaultSpriteMaterial.uasset" 205
"../../Plugins/2D/Paper2D/Content/MaskedUnlitSpriteMaterial.uasset" 206
"../../Plugins/2D/Paper2D/Content/OpaqueUnlitSpriteMaterial.uasset" 207
"../../../Engine/Content/Functions/Engine_MaterialFunctions02/Utility/BreakOutFloat4Components.uasset" 208
"../../../Engine/Content/Functions/Engine_MaterialFunctions02/Utility/MakeFloat2.uasset" 209
"../../../Engine/Content/Functions/Engine_MaterialFunctions02/Utility/MakeFloat3.uasset" 210
"../../Plugins/Runtime/Oculus/OculusVR/Content/Materials/OculusMR_ChromaKey.uasset" 211
"../../Plugins/Runtime/Oculus/OculusVR/Content/Materials/OculusMR_ChromaKey_Lit.uasset" 212
"../../Plugins/Runtime/Oculus/OculusVR/Content/Materials/OculusMR_OpaqueColoredMaterial.uasset" 213
"../../Plugins/Runtime/Oculus/OculusVR/Content/Materials/OculusMR_WhiteMaterial.uasset" 214
"C:/Users/loict/OneDrive/Documents/B3/Projet/Projet_Dev_B3/Content/WorldObjects/BP_MovablePlatform.uasset" 215
"C:/Users/loict/OneDrive/Documents/B3/Projet/Projet_Dev_B3/Content/WorldObjects/BP_Checkpoint.uasset" 216
"C:/Users/loict/OneDrive/Documents/B3/Projet/Projet_Dev_B3/Content/WorldObjects/BP_DashableArea.uasset" 217
"C:/Users/loict/OneDrive/Documents/B3/Projet/Projet_Dev_B3/Content/WorldObjects/BP_DeathArea.uasset" 218
"C:/Users/loict/OneDrive/Documents/B3/Projet/Projet_Dev_B3/Content/WorldObjects/BP_DestructiblePlatform.uasset" 219
"C:/Users/loict/OneDrive/Documents/B3/Projet/Projet_Dev_B3/Content/Maps/MAP_Lvl1_BuiltData.uasset" 220
"C:/Users/loict/OneDrive/Documents/B3/Projet/Projet_Dev_B3/Content/Maps/MAP_Lvl1.umap" 221
"C:/Users/loict/OneDrive/Documents/B3/Projet/Projet_Dev_B3/Content/AI/MAP_Lvl1_C.umap" 222
"../../../Engine/Content/Maps/Entry_BuiltData.uasset" 223
"../../../Engine/Content/Maps/Entry.umap" 224
