Log file open, 04/06/21 18:09:19
LogWindows: Failed to load 'aqProf.dll' (GetLastError=126)
LogWindows: File 'aqProf.dll' does not exist
LogWindows: Failed to load 'VtuneApi.dll' (GetLastError=126)
LogWindows: File 'VtuneApi.dll' does not exist
LogWindows: Failed to load 'VtuneApi32e.dll' (GetLastError=126)
LogWindows: File 'VtuneApi32e.dll' does not exist
LogConsoleResponse: Display: Failed to find resolution value strings in scalability ini. Falling back to default.
LogInit: Display: Running engine for game: EscapeFromMorkov
LogPlatformFile: Not using cached read wrapper
LogTaskGraph: Started task graph with 5 named threads and 35 total threads with 3 sets of task threads.
LogStats: Stats thread started at 1.062776
LogPluginManager: Warning: Plugin 'VaRest' exists at '../../../Engine/Plugins/Marketplace/VaRestPlugin/VaRest.uplugin' and '../../../Engine/Plugins/VaRest-4.24/VaRest.uplugin' - second location will be ignored
LogD3D11RHI: Loaded GFSDK_Aftermath_Lib.x64.dll
LogICUInternationalization: ICU TimeZone Detection - Raw Offset: +1:00, Platform Override: ''
LogPluginManager: Mounting plugin Paper2D
LogPluginManager: Mounting plugin AISupport
LogPluginManager: Mounting plugin LightPropagationVolume
LogPluginManager: Mounting plugin ActorLayerUtilities
LogPluginManager: Mounting plugin AnimationSharing
LogPluginManager: Mounting plugin CLionSourceCodeAccess
LogPluginManager: Mounting plugin CodeLiteSourceCodeAccess
LogPluginManager: Mounting plugin GitSourceControl
LogPluginManager: Mounting plugin KDevelopSourceCodeAccess
LogPluginManager: Mounting plugin NullSourceCodeAccess
LogPluginManager: Mounting plugin PerforceSourceControl
LogPluginManager: Mounting plugin PlasticSourceControl
LogPluginManager: Mounting plugin SubversionSourceControl
LogPluginManager: Mounting plugin UObjectPlugin
LogPluginManager: Mounting plugin VisualStudioCodeSourceCodeAccess
LogPluginManager: Mounting plugin VisualStudioSourceCodeAccess
LogPluginManager: Mounting plugin XCodeSourceCodeAccess
LogPluginManager: Mounting plugin AssetManagerEditor
LogPluginManager: Mounting plugin CryptoKeys
LogPluginManager: Mounting plugin CurveEditorTools
LogPluginManager: Mounting plugin DataValidation
LogPluginManager: Mounting plugin FacialAnimation
LogPluginManager: Mounting plugin GameplayTagsEditor
LogPluginManager: Mounting plugin MacGraphicsSwitching
LogPluginManager: Mounting plugin MaterialAnalyzer
LogPluginManager: Mounting plugin MobileLauncherProfileWizard
LogPluginManager: Mounting plugin PluginBrowser
LogPluginManager: Mounting plugin SpeedTreeImporter
LogPluginManager: Mounting plugin DatasmithContent
LogPluginManager: Mounting plugin VariantManagerContent
LogPluginManager: Mounting plugin AlembicImporter
LogPluginManager: Mounting plugin AutomationUtils
LogPluginManager: Mounting plugin BackChannel
LogPluginManager: Mounting plugin CharacterAI
LogPluginManager: Mounting plugin GeometryCache
LogPluginManager: Mounting plugin PlatformCrypto
LogPluginManager: Mounting plugin ProxyLODPlugin
LogPluginManager: Mounting plugin SkeletalReduction
LogPluginManager: Mounting plugin MagicLeap
LogPluginManager: Mounting plugin MagicLeapMedia
LogPluginManager: Mounting plugin MLSDK
LogPluginManager: Mounting plugin VaRest
LogPluginManager: Mounting plugin AndroidMedia
LogPluginManager: Mounting plugin AvfMedia
LogPluginManager: Mounting plugin ImgMedia
LogPluginManager: Mounting plugin MediaCompositing
LogPluginManager: Mounting plugin MediaPlayerEditor
LogPluginManager: Mounting plugin WebMMedia
LogPluginManager: Mounting plugin WmfMedia
LogPluginManager: Mounting plugin TcpMessaging
LogPluginManager: Mounting plugin UdpMessaging
LogPluginManager: Mounting plugin ActorSequence
LogPluginManager: Mounting plugin LevelSequenceEditor
LogPluginManager: Mounting plugin MatineeToLevelSequence
LogPluginManager: Mounting plugin NetcodeUnitTest
LogPluginManager: Mounting plugin NUTUnrealEngine4
LogPluginManager: Mounting plugin OnlineSubsystemGooglePlay
LogPluginManager: Mounting plugin OnlineSubsystemIOS
LogPluginManager: Mounting plugin OnlineSubsystem
LogPluginManager: Mounting plugin OnlineSubsystemNull
LogPluginManager: Mounting plugin OnlineSubsystemUtils
LogPluginManager: Mounting plugin LauncherChunkInstaller
LogPluginManager: Mounting plugin AndroidDeviceProfileSelector
LogPluginManager: Mounting plugin AndroidMoviePlayer
LogPluginManager: Mounting plugin AndroidPermission
LogPluginManager: Mounting plugin AppleImageUtils
LogPluginManager: Mounting plugin AppleMoviePlayer
LogPluginManager: Mounting plugin ArchVisCharacter
LogPluginManager: Mounting plugin AssetTags
LogPluginManager: Mounting plugin AudioCapture
LogPluginManager: Mounting plugin CableComponent
LogPluginManager: Mounting plugin CustomMeshComponent
LogPluginManager: Mounting plugin EditableMesh
LogPluginManager: Mounting plugin ExampleDeviceProfileSelector
LogPluginManager: Mounting plugin GoogleCloudMessaging
LogPluginManager: Mounting plugin IOSDeviceProfileSelector
LogPluginManager: Mounting plugin LinuxDeviceProfileSelector
LogPluginManager: Mounting plugin LocationServicesBPLibrary
LogPluginManager: Mounting plugin MobilePatchingUtils
LogPluginManager: Mounting plugin OculusVR
LogPluginManager: Mounting plugin PhysXVehicles
LogPluginManager: Mounting plugin PostSplashScreen
LogPluginManager: Mounting plugin ProceduralMeshComponent
LogPluginManager: Mounting plugin RuntimePhysXCooking
LogPluginManager: Mounting plugin SignificanceManager
LogPluginManager: Mounting plugin SteamVR
LogPluginManager: Mounting plugin WebMMoviePlayer
LogPluginManager: Mounting plugin WindowsMoviePlayer
LogPluginManager: Mounting plugin ScreenshotTools
LogInit: Using libcurl 7.55.1-DEV
LogInit:  - built for x86_64-pc-win32
LogInit:  - supports SSL with OpenSSL/1.1.1
LogInit:  - supports HTTP deflate (compression) using libz 1.2.8
LogInit:  - other features:
LogInit:      CURL_VERSION_SSL
LogInit:      CURL_VERSION_LIBZ
LogInit:      CURL_VERSION_IPV6
LogInit:      CURL_VERSION_ASYNCHDNS
LogInit:      CURL_VERSION_LARGEFILE
LogInit:      CURL_VERSION_IDN
LogInit:  CurlRequestOptions (configurable via config and command line):
LogInit:  - bVerifyPeer = true  - Libcurl will verify peer certificate
LogInit:  - bUseHttpProxy = false  - Libcurl will NOT use HTTP proxy
LogInit:  - bDontReuseConnections = false  - Libcurl will reuse connections
LogInit:  - MaxHostConnections = 16  - Libcurl will limit the number of connections to a host
LogInit:  - LocalHostAddr = Default
LogInit:  - BufferSize = 65536
LogOnline: OSS: Creating online subsystem instance for: NULL
LogInit: WinSock: version 1.1 (2.2), MaxSocks=32767, MaxUdp=65467
LogOnline: OSS: TryLoadSubsystemAndSetDefault: Loaded subsystem for module [NULL]
LogInit: Build: ++UE4+Release-4.24-CL-11590370
LogInit: Engine Version: 4.24.3-11590370+++UE4+Release-4.24
LogInit: Compatible Engine Version: 4.24.0-10570792+++UE4+Release-4.24
LogInit: Net CL: 10570792
LogInit: OS: Windows 10 (Release 2009) (), CPU: Intel(R) Core(TM) i7-8750H CPU @ 2.20GHz, GPU: Intel(R) UHD Graphics 630
LogInit: Compiled (64-bit): Feb 24 2020 15:39:18
LogInit: Compiled with Visual C++: 19.16.27032.01
LogInit: Build Configuration: Development
LogInit: Branch Name: ++UE4+Release-4.24
LogInit: Command Line: 
LogInit: Base Directory: U:/Installs/UE_4.24/Engine/Binaries/Win64/
LogInit: Installed Engine Build: 1
LogDevObjectVersion: Number of dev versions registered: 25
LogDevObjectVersion:   Dev-Blueprints (B0D832E4-1F89-4F0D-ACCF-7EB736FD4AA2): 10
LogDevObjectVersion:   Dev-Build (E1C64328-A22C-4D53-A36C-8E866417BD8C): 0
LogDevObjectVersion:   Dev-Core (375EC13C-06E4-48FB-B500-84F0262A717E): 3
LogDevObjectVersion:   Dev-Editor (E4B068ED-F494-42E9-A231-DA0B2E46BB41): 37
LogDevObjectVersion:   Dev-Framework (CFFC743F-43B0-4480-9391-14DF171D2073): 36
LogDevObjectVersion:   Dev-Mobile (B02B49B5-BB20-44E9-A304-32B752E40360): 2
LogDevObjectVersion:   Dev-Networking (A4E4105C-59A1-49B5-A7C5-40C4547EDFEE): 0
LogDevObjectVersion:   Dev-Online (39C831C9-5AE6-47DC-9A44-9C173E1C8E7C): 0
LogDevObjectVersion:   Dev-Physics (78F01B33-EBEA-4F98-B9B4-84EACCB95AA2): 2
LogDevObjectVersion:   Dev-Platform (6631380F-2D4D-43E0-8009-CF276956A95A): 0
LogDevObjectVersion:   Dev-Rendering (12F88B9F-8875-4AFC-A67C-D90C383ABD29): 36
LogDevObjectVersion:   Dev-Sequencer (7B5AE74C-D270-4C10-A958-57980B212A5A): 11
LogDevObjectVersion:   Dev-VR (D7296918-1DD6-4BDD-9DE2-64A83CC13884): 2
LogDevObjectVersion:   Dev-LoadTimes (C2A15278-BFE7-4AFE-6C17-90FF531DF755): 1
LogDevObjectVersion:   Private-Geometry (6EACA3D4-40EC-4CC1-B786-8BED09428FC5): 3
LogDevObjectVersion:   Dev-AnimPhys (29E575DD-E0A3-4627-9D10-D276232CDCEA): 17
LogDevObjectVersion:   Dev-Anim (AF43A65D-7FD3-4947-9873-3E8ED9C1BB05): 2
LogDevObjectVersion:   Dev-ReflectionCapture (6B266CEC-1EC7-4B8F-A30B-E4D90942FC07): 1
LogDevObjectVersion:   Dev-Automation (0DF73D61-A23F-47EA-B727-89E90C41499A): 1
LogDevObjectVersion:   FortniteMain (601D1886-AC64-4F84-AA16-D3DE0DEAC7D6): 31
LogDevObjectVersion:   Dev-Enterprise (9DFFBCD6-494F-0158-E221-12823C92A888): 8
LogDevObjectVersion:   Dev-Niagara (F2AED0AC-9AFE-416F-8664-AA7FFA26D6FC): 1
LogDevObjectVersion:   Dev-Destruction (174F1F0B-B4C6-45A5-B13F-2EE8D0FB917D): 9
LogDevObjectVersion:   Dev-Physics-Ext (35F94A83-E258-406C-A318-09F59610247C): 8
LogDevObjectVersion:   Dev-CineCamera (B2E18506-4273-CFC2-A54E-F4BB758BBA07): 1
LogLinker: AddRedirectList(U:/Projects/EscapeFromMorkov/Saved/Config/Windows/VaRest.ini) has substring redirect /VaRestPlugin/, these are very slow and should be resolved as soon as possible!
LogInit: Presizing for max 25165824 objects, including 0 objects not considered by GC, pre-allocating 0 bytes for permanent pool.
LogInit: Object subsystem initialized
LogConfig: Setting CVar [[con.DebugEarlyDefault:1]]
LogConfig: Setting CVar [[r.setres:1280x720]]
[2021.04.06-16.09.19:985][  0]LogConfig: Setting CVar [[r.VSync:0]]
[2021.04.06-16.09.19:985][  0]LogConfig: Setting CVar [[r.RHICmdBypass:0]]
[2021.04.06-16.09.19:987][  0]LogConfig: Applying CVar settings from Section [/Script/Engine.RendererSettings] File [U:/Projects/EscapeFromMorkov/Saved/Config/Windows/Engine.ini]
[2021.04.06-16.09.19:987][  0]LogConfig: Setting CVar [[r.GPUCrashDebugging:0]]
[2021.04.06-16.09.19:987][  0]LogConfig: Applying CVar settings from Section [/Script/Engine.RendererOverrideSettings] File [U:/Projects/EscapeFromMorkov/Saved/Config/Windows/Engine.ini]
[2021.04.06-16.09.19:987][  0]LogConfig: Applying CVar settings from Section [/Script/Engine.StreamingSettings] File [U:/Projects/EscapeFromMorkov/Saved/Config/Windows/Engine.ini]
[2021.04.06-16.09.19:987][  0]LogConfig: Setting CVar [[s.MinBulkDataSizeForAsyncLoading:131072]]
[2021.04.06-16.09.19:987][  0]LogConfig: Setting CVar [[s.AsyncLoadingThreadEnabled:0]]
[2021.04.06-16.09.19:987][  0]LogConfig: Setting CVar [[s.EventDrivenLoaderEnabled:1]]
[2021.04.06-16.09.19:987][  0]LogConfig: Setting CVar [[s.WarnIfTimeLimitExceeded:0]]
[2021.04.06-16.09.19:987][  0]LogConfig: Setting CVar [[s.TimeLimitExceededMultiplier:1.5]]
[2021.04.06-16.09.19:987][  0]LogConfig: Setting CVar [[s.TimeLimitExceededMinTime:0.005]]
[2021.04.06-16.09.19:987][  0]LogConfig: Setting CVar [[s.UseBackgroundLevelStreaming:1]]
[2021.04.06-16.09.19:987][  0]LogConfig: Setting CVar [[s.PriorityAsyncLoadingExtraTime:15.0]]
[2021.04.06-16.09.19:987][  0]LogConfig: Setting CVar [[s.LevelStreamingActorsUpdateTimeLimit:5.0]]
[2021.04.06-16.09.19:987][  0]LogConfig: Setting CVar [[s.PriorityLevelStreamingActorsUpdateExtraTime:5.0]]
[2021.04.06-16.09.19:987][  0]LogConfig: Setting CVar [[s.LevelStreamingComponentsRegistrationGranularity:10]]
[2021.04.06-16.09.19:987][  0]LogConfig: Setting CVar [[s.UnregisterComponentsTimeLimit:1.0]]
[2021.04.06-16.09.19:987][  0]LogConfig: Setting CVar [[s.LevelStreamingComponentsUnregistrationGranularity:5]]
[2021.04.06-16.09.19:987][  0]LogConfig: Setting CVar [[s.FlushStreamingOnExit:1]]
[2021.04.06-16.09.19:989][  0]LogConfig: Applying CVar settings from Section [/Script/Engine.GarbageCollectionSettings] File [U:/Projects/EscapeFromMorkov/Saved/Config/Windows/Engine.ini]
[2021.04.06-16.09.19:989][  0]LogConfig: Setting CVar [[gc.MaxObjectsNotConsideredByGC:1]]
[2021.04.06-16.09.19:989][  0]LogConfig: Setting CVar [[gc.SizeOfPermanentObjectPool:0]]
[2021.04.06-16.09.19:989][  0]LogConfig: Setting CVar [[gc.FlushStreamingOnGC:0]]
[2021.04.06-16.09.19:989][  0]LogConfig: Setting CVar [[gc.NumRetriesBeforeForcingGC:10]]
[2021.04.06-16.09.19:989][  0]LogConfig: Setting CVar [[gc.AllowParallelGC:1]]
[2021.04.06-16.09.19:989][  0]LogConfig: Setting CVar [[gc.TimeBetweenPurgingPendingKillObjects:61.1]]
[2021.04.06-16.09.19:989][  0]LogConfig: Setting CVar [[gc.MaxObjectsInEditor:25165824]]
[2021.04.06-16.09.19:989][  0]LogConfig: Setting CVar [[gc.IncrementalBeginDestroyEnabled:1]]
[2021.04.06-16.09.19:989][  0]LogConfig: Setting CVar [[gc.CreateGCClusters:1]]
[2021.04.06-16.09.19:989][  0]LogConfig: Setting CVar [[gc.MinGCClusterSize:5]]
[2021.04.06-16.09.19:989][  0]LogConfig: Setting CVar [[gc.ActorClusteringEnabled:0]]
[2021.04.06-16.09.19:989][  0]LogConfig: Setting CVar [[gc.BlueprintClusteringEnabled:0]]
[2021.04.06-16.09.19:989][  0]LogConfig: Setting CVar [[gc.UseDisregardForGCOnDedicatedServers:0]]
[2021.04.06-16.09.19:989][  0]LogConfig: Applying CVar settings from Section [/Script/Engine.NetworkSettings] File [U:/Projects/EscapeFromMorkov/Saved/Config/Windows/Engine.ini]
[2021.04.06-16.09.19:989][  0]LogConfig: Applying CVar settings from Section [/Script/UnrealEd.CookerSettings] File [U:/Projects/EscapeFromMorkov/Saved/Config/Windows/Engine.ini]
[2021.04.06-16.09.20:002][  0]LogConfig: Applying CVar settings from Section [ViewDistanceQuality@3] File [U:/Projects/EscapeFromMorkov/Saved/Config/Windows/Scalability.ini]
[2021.04.06-16.09.20:002][  0]LogConfig: Setting CVar [[r.SkeletalMeshLODBias:0]]
[2021.04.06-16.09.20:002][  0]LogConfig: Setting CVar [[r.ViewDistanceScale:1.0]]
[2021.04.06-16.09.20:002][  0]LogConfig: Applying CVar settings from Section [AntiAliasingQuality@3] File [U:/Projects/EscapeFromMorkov/Saved/Config/Windows/Scalability.ini]
[2021.04.06-16.09.20:002][  0]LogConfig: Setting CVar [[r.PostProcessAAQuality:4]]
[2021.04.06-16.09.20:003][  0]LogConfig: Applying CVar settings from Section [ShadowQuality@3] File [U:/Projects/EscapeFromMorkov/Saved/Config/Windows/Scalability.ini]
[2021.04.06-16.09.20:003][  0]LogConfig: Setting CVar [[r.LightFunctionQuality:1]]
[2021.04.06-16.09.20:003][  0]LogConfig: Setting CVar [[r.ShadowQuality:5]]
[2021.04.06-16.09.20:003][  0]LogConfig: Setting CVar [[r.Shadow.CSM.MaxCascades:10]]
[2021.04.06-16.09.20:003][  0]LogConfig: Setting CVar [[r.Shadow.MaxResolution:2048]]
[2021.04.06-16.09.20:003][  0]LogConfig: Setting CVar [[r.Shadow.MaxCSMResolution:2048]]
[2021.04.06-16.09.20:003][  0]LogConfig: Setting CVar [[r.Shadow.RadiusThreshold:0.01]]
[2021.04.06-16.09.20:003][  0]LogConfig: Setting CVar [[r.Shadow.DistanceScale:1.0]]
[2021.04.06-16.09.20:003][  0]LogConfig: Setting CVar [[r.Shadow.CSM.TransitionScale:1.0]]
[2021.04.06-16.09.20:003][  0]LogConfig: Setting CVar [[r.Shadow.PreShadowResolutionFactor:1.0]]
[2021.04.06-16.09.20:003][  0]LogConfig: Setting CVar [[r.DistanceFieldShadowing:1]]
[2021.04.06-16.09.20:003][  0]LogConfig: Setting CVar [[r.DistanceFieldAO:1]]
[2021.04.06-16.09.20:003][  0]LogConfig: Setting CVar [[r.AOQuality:2]]
[2021.04.06-16.09.20:003][  0]LogConfig: Setting CVar [[r.VolumetricFog:1]]
[2021.04.06-16.09.20:003][  0]LogConfig: Setting CVar [[r.VolumetricFog.GridPixelSize:8]]
[2021.04.06-16.09.20:003][  0]LogConfig: Setting CVar [[r.VolumetricFog.GridSizeZ:128]]
[2021.04.06-16.09.20:003][  0]LogConfig: Setting CVar [[r.VolumetricFog.HistoryMissSupersampleCount:4]]
[2021.04.06-16.09.20:003][  0]LogConfig: Setting CVar [[r.LightMaxDrawDistanceScale:1]]
[2021.04.06-16.09.20:003][  0]LogConfig: Setting CVar [[r.CapsuleShadows:1]]
[2021.04.06-16.09.20:003][  0]LogConfig: Applying CVar settings from Section [PostProcessQuality@3] File [U:/Projects/EscapeFromMorkov/Saved/Config/Windows/Scalability.ini]
[2021.04.06-16.09.20:003][  0]LogConfig: Setting CVar [[r.MotionBlurQuality:4]]
[2021.04.06-16.09.20:003][  0]LogConfig: Setting CVar [[r.AmbientOcclusionMipLevelFactor:0.4]]
[2021.04.06-16.09.20:003][  0]LogConfig: Setting CVar [[r.AmbientOcclusionMaxQuality:100]]
[2021.04.06-16.09.20:003][  0]LogConfig: Setting CVar [[r.AmbientOcclusionLevels:-1]]
[2021.04.06-16.09.20:003][  0]LogConfig: Setting CVar [[r.AmbientOcclusionRadiusScale:1.0]]
[2021.04.06-16.09.20:003][  0]LogConfig: Setting CVar [[r.DepthOfFieldQuality:2]]
[2021.04.06-16.09.20:003][  0]LogConfig: Setting CVar [[r.RenderTargetPoolMin:400]]
[2021.04.06-16.09.20:003][  0]LogConfig: Setting CVar [[r.LensFlareQuality:2]]
[2021.04.06-16.09.20:003][  0]LogConfig: Setting CVar [[r.SceneColorFringeQuality:1]]
[2021.04.06-16.09.20:003][  0]LogConfig: Setting CVar [[r.EyeAdaptationQuality:2]]
[2021.04.06-16.09.20:003][  0]LogConfig: Setting CVar [[r.BloomQuality:5]]
[2021.04.06-16.09.20:004][  0]LogConfig: Setting CVar [[r.FastBlurThreshold:100]]
[2021.04.06-16.09.20:004][  0]LogConfig: Setting CVar [[r.Upscale.Quality:3]]
[2021.04.06-16.09.20:004][  0]LogConfig: Setting CVar [[r.Tonemapper.GrainQuantization:1]]
[2021.04.06-16.09.20:004][  0]LogConfig: Setting CVar [[r.LightShaftQuality:1]]
[2021.04.06-16.09.20:004][  0]LogConfig: Setting CVar [[r.Filter.SizeScale:1]]
[2021.04.06-16.09.20:004][  0]LogConfig: Setting CVar [[r.Tonemapper.Quality:5]]
[2021.04.06-16.09.20:004][  0]LogConfig: Setting CVar [[r.DOF.Gather.AccumulatorQuality:1        ; higher gathering accumulator quality]]
[2021.04.06-16.09.20:004][  0]LogConfig: Setting CVar [[r.DOF.Gather.PostfilterMethod:1          ; Median3x3 postfilering method]]
[2021.04.06-16.09.20:004][  0]LogConfig: Setting CVar [[r.DOF.Gather.EnableBokehSettings:0       ; no bokeh simulation when gathering]]
[2021.04.06-16.09.20:004][  0]LogConfig: Setting CVar [[r.DOF.Gather.RingCount:4                 ; medium number of samples when gathering]]
[2021.04.06-16.09.20:004][  0]LogConfig: Setting CVar [[r.DOF.Scatter.ForegroundCompositing:1    ; additive foreground scattering]]
[2021.04.06-16.09.20:004][  0]LogConfig: Setting CVar [[r.DOF.Scatter.BackgroundCompositing:2    ; additive background scattering]]
[2021.04.06-16.09.20:004][  0]LogConfig: Setting CVar [[r.DOF.Scatter.EnableBokehSettings:1      ; bokeh simulation when scattering]]
[2021.04.06-16.09.20:004][  0]LogConfig: Setting CVar [[r.DOF.Scatter.MaxSpriteRatio:0.1         ; only a maximum of 10% of scattered bokeh]]
[2021.04.06-16.09.20:004][  0]LogConfig: Setting CVar [[r.DOF.Recombine.Quality:1                ; cheap slight out of focus]]
[2021.04.06-16.09.20:004][  0]LogConfig: Setting CVar [[r.DOF.Recombine.EnableBokehSettings:0    ; no bokeh simulation on slight out of focus]]
[2021.04.06-16.09.20:004][  0]LogConfig: Setting CVar [[r.DOF.TemporalAAQuality:1                ; more stable temporal accumulation]]
[2021.04.06-16.09.20:004][  0]LogConfig: Setting CVar [[r.DOF.Kernel.MaxForegroundRadius:0.025]]
[2021.04.06-16.09.20:004][  0]LogConfig: Setting CVar [[r.DOF.Kernel.MaxBackgroundRadius:0.025]]
[2021.04.06-16.09.20:004][  0]LogConfig: Applying CVar settings from Section [TextureQuality@3] File [U:/Projects/EscapeFromMorkov/Saved/Config/Windows/Scalability.ini]
[2021.04.06-16.09.20:004][  0]LogConfig: Setting CVar [[r.Streaming.MipBias:0]]
[2021.04.06-16.09.20:004][  0]LogConfig: Setting CVar [[r.Streaming.AmortizeCPUToGPUCopy:0]]
[2021.04.06-16.09.20:004][  0]LogConfig: Setting CVar [[r.Streaming.MaxNumTexturesToStreamPerFrame:0]]
[2021.04.06-16.09.20:004][  0]LogConfig: Setting CVar [[r.Streaming.Boost:1]]
[2021.04.06-16.09.20:004][  0]LogConfig: Setting CVar [[r.MaxAnisotropy:8]]
[2021.04.06-16.09.20:004][  0]LogConfig: Setting CVar [[r.VT.MaxAnisotropy:8]]
[2021.04.06-16.09.20:004][  0]LogConfig: Setting CVar [[r.Streaming.LimitPoolSizeToVRAM:0]]
[2021.04.06-16.09.20:004][  0]LogConfig: Setting CVar [[r.Streaming.PoolSize:1000]]
[2021.04.06-16.09.20:004][  0]LogConfig: Setting CVar [[r.Streaming.MaxEffectiveScreenSize:0]]
[2021.04.06-16.09.20:004][  0]LogConfig: Applying CVar settings from Section [EffectsQuality@3] File [U:/Projects/EscapeFromMorkov/Saved/Config/Windows/Scalability.ini]
[2021.04.06-16.09.20:005][  0]LogConfig: Setting CVar [[r.TranslucencyLightingVolumeDim:64]]
[2021.04.06-16.09.20:005][  0]LogConfig: Setting CVar [[r.RefractionQuality:2]]
[2021.04.06-16.09.20:005][  0]LogConfig: Setting CVar [[r.SSR.Quality:3]]
[2021.04.06-16.09.20:005][  0]LogConfig: Setting CVar [[r.SSR.HalfResSceneColor:0]]
[2021.04.06-16.09.20:005][  0]LogConfig: Setting CVar [[r.SceneColorFormat:4]]
[2021.04.06-16.09.20:005][  0]LogConfig: Setting CVar [[r.DetailMode:2]]
[2021.04.06-16.09.20:005][  0]LogConfig: Setting CVar [[r.TranslucencyVolumeBlur:1]]
[2021.04.06-16.09.20:005][  0]LogConfig: Setting CVar [[r.MaterialQualityLevel:1 ; High quality]]
[2021.04.06-16.09.20:005][  0]LogConfig: Setting CVar [[r.SSS.Scale:1]]
[2021.04.06-16.09.20:005][  0]LogConfig: Setting CVar [[r.SSS.SampleSet:2]]
[2021.04.06-16.09.20:005][  0]LogConfig: Setting CVar [[r.SSS.Quality:1]]
[2021.04.06-16.09.20:005][  0]LogConfig: Setting CVar [[r.SSS.HalfRes:1]]
[2021.04.06-16.09.20:005][  0]LogConfig: Setting CVar [[r.SSGI.Quality:3]]
[2021.04.06-16.09.20:005][  0]LogConfig: Setting CVar [[r.EmitterSpawnRateScale:1.0]]
[2021.04.06-16.09.20:005][  0]LogConfig: Setting CVar [[r.ParticleLightQuality:2]]
[2021.04.06-16.09.20:005][  0]LogConfig: Setting CVar [[r.SkyAtmosphere.AerialPerspectiveLUT.FastApplyOnOpaque:1 ; Always have FastSkyLUT 1 in this case to avoid wrong sky]]
[2021.04.06-16.09.20:005][  0]LogConfig: Setting CVar [[r.SkyAtmosphere.AerialPerspectiveLUT.SampleCountPerSlice:1]]
[2021.04.06-16.09.20:005][  0]LogConfig: Setting CVar [[r.SkyAtmosphere.AerialPerspectiveLUT.DepthResolution:16.0]]
[2021.04.06-16.09.20:005][  0]LogConfig: Setting CVar [[r.SkyAtmosphere.FastSkyLUT:1]]
[2021.04.06-16.09.20:005][  0]LogConfig: Setting CVar [[r.SkyAtmosphere.FastSkyLUT.SampleCountMin:4.0]]
[2021.04.06-16.09.20:005][  0]LogConfig: Setting CVar [[r.SkyAtmosphere.FastSkyLUT.SampleCountMax:32.0]]
[2021.04.06-16.09.20:005][  0]LogConfig: Setting CVar [[r.SkyAtmosphere.SampleCountMin:4.0]]
[2021.04.06-16.09.20:005][  0]LogConfig: Setting CVar [[r.SkyAtmosphere.SampleCountMax:32.0]]
[2021.04.06-16.09.20:005][  0]LogConfig: Setting CVar [[r.SkyAtmosphere.TransmittanceLUT.UseSmallFormat:0]]
[2021.04.06-16.09.20:005][  0]LogConfig: Setting CVar [[r.SkyAtmosphere.TransmittanceLUT.SampleCount:10.0]]
[2021.04.06-16.09.20:005][  0]LogConfig: Setting CVar [[r.SkyAtmosphere.MultiScatteringLUT.SampleCount:15.0]]
[2021.04.06-16.09.20:005][  0]LogConfig: Applying CVar settings from Section [FoliageQuality@3] File [U:/Projects/EscapeFromMorkov/Saved/Config/Windows/Scalability.ini]
[2021.04.06-16.09.20:005][  0]LogConfig: Setting CVar [[foliage.DensityScale:1.0]]
[2021.04.06-16.09.20:005][  0]LogConfig: Setting CVar [[grass.DensityScale:1.0]]
[2021.04.06-16.09.20:005][  0]LogConfig: Applying CVar settings from Section [ShadingQuality@3] File [U:/Projects/EscapeFromMorkov/Saved/Config/Windows/Scalability.ini]
[2021.04.06-16.09.20:005][  0]LogConfig: Setting CVar [[r.HairStrands.SkyLighting.SampleCount:16]]
[2021.04.06-16.09.20:005][  0]LogConfig: Setting CVar [[r.HairStrands.SkyLighting.JitterIntegration:0]]
[2021.04.06-16.09.20:006][  0]LogConfig: Setting CVar [[r.HairStrands.SkyAO.SampleCount:16]]
[2021.04.06-16.09.20:006][  0]LogInit: Selected Device Profile: [Windows]
[2021.04.06-16.09.20:006][  0]LogInit: Applying CVar settings loaded from the selected device profile: [Windows]
[2021.04.06-16.09.20:014][  0]LogHAL: Display: Platform has ~ 20 GB [21309476864 / 34359738368 / 20], which maps to Larger [LargestMinGB=32, LargerMinGB=12, DefaultMinGB=8, SmallerMinGB=6, SmallestMinGB=0)
[2021.04.06-16.09.20:014][  0]LogInit: Going up to parent DeviceProfile []
[2021.04.06-16.09.20:014][  0]LogConfig: Applying CVar settings from Section [ViewDistanceQuality@Cine] File [U:/Projects/EscapeFromMorkov/Saved/Config/Windows/Scalability.ini]
[2021.04.06-16.09.20:014][  0]LogConfig: Setting CVar [[r.SkeletalMeshLODBias:0]]
[2021.04.06-16.09.20:014][  0]LogConfig: Setting CVar [[r.ViewDistanceScale:10.0]]
[2021.04.06-16.09.20:014][  0]LogConfig: Applying CVar settings from Section [AntiAliasingQuality@Cine] File [U:/Projects/EscapeFromMorkov/Saved/Config/Windows/Scalability.ini]
[2021.04.06-16.09.20:014][  0]LogConfig: Setting CVar [[r.PostProcessAAQuality:6]]
[2021.04.06-16.09.20:014][  0]LogConfig: Applying CVar settings from Section [ShadowQuality@Cine] File [U:/Projects/EscapeFromMorkov/Saved/Config/Windows/Scalability.ini]
[2021.04.06-16.09.20:015][  0]LogConfig: Setting CVar [[r.LightFunctionQuality:1]]
[2021.04.06-16.09.20:015][  0]LogConfig: Setting CVar [[r.ShadowQuality:5]]
[2021.04.06-16.09.20:015][  0]LogConfig: Setting CVar [[r.Shadow.CSM.MaxCascades:10]]
[2021.04.06-16.09.20:015][  0]LogConfig: Setting CVar [[r.Shadow.MaxResolution:4096]]
[2021.04.06-16.09.20:015][  0]LogConfig: Setting CVar [[r.Shadow.MaxCSMResolution:4096]]
[2021.04.06-16.09.20:015][  0]LogConfig: Setting CVar [[r.Shadow.RadiusThreshold:0]]
[2021.04.06-16.09.20:015][  0]LogConfig: Setting CVar [[r.Shadow.DistanceScale:1.0]]
[2021.04.06-16.09.20:015][  0]LogConfig: Setting CVar [[r.Shadow.CSM.TransitionScale:1.0]]
[2021.04.06-16.09.20:015][  0]LogConfig: Setting CVar [[r.Shadow.PreShadowResolutionFactor:1.0]]
[2021.04.06-16.09.20:015][  0]LogConfig: Setting CVar [[r.DistanceFieldShadowing:1]]
[2021.04.06-16.09.20:015][  0]LogConfig: Setting CVar [[r.DistanceFieldAO:1]]
[2021.04.06-16.09.20:015][  0]LogConfig: Setting CVar [[r.AOQuality:2]]
[2021.04.06-16.09.20:015][  0]LogConfig: Setting CVar [[r.VolumetricFog:1]]
[2021.04.06-16.09.20:015][  0]LogConfig: Setting CVar [[r.VolumetricFog.GridPixelSize:4]]
[2021.04.06-16.09.20:015][  0]LogConfig: Setting CVar [[r.VolumetricFog.GridSizeZ:128]]
[2021.04.06-16.09.20:015][  0]LogConfig: Setting CVar [[r.VolumetricFog.HistoryMissSupersampleCount:16]]
[2021.04.06-16.09.20:015][  0]LogConfig: Setting CVar [[r.LightMaxDrawDistanceScale:1]]
[2021.04.06-16.09.20:015][  0]LogConfig: Setting CVar [[r.CapsuleShadows:1]]
[2021.04.06-16.09.20:015][  0]LogConfig: Applying CVar settings from Section [PostProcessQuality@Cine] File [U:/Projects/EscapeFromMorkov/Saved/Config/Windows/Scalability.ini]
[2021.04.06-16.09.20:015][  0]LogConfig: Setting CVar [[r.MotionBlurQuality:4]]
[2021.04.06-16.09.20:015][  0]LogConfig: Setting CVar [[r.AmbientOcclusionMipLevelFactor:0.4]]
[2021.04.06-16.09.20:015][  0]LogConfig: Setting CVar [[r.AmbientOcclusionMaxQuality:100]]
[2021.04.06-16.09.20:015][  0]LogConfig: Setting CVar [[r.AmbientOcclusionLevels:-1]]
[2021.04.06-16.09.20:015][  0]LogConfig: Setting CVar [[r.AmbientOcclusionRadiusScale:1.0]]
[2021.04.06-16.09.20:015][  0]LogConfig: Setting CVar [[r.DepthOfFieldQuality:4]]
[2021.04.06-16.09.20:015][  0]LogConfig: Setting CVar [[r.RenderTargetPoolMin:1000]]
[2021.04.06-16.09.20:015][  0]LogConfig: Setting CVar [[r.LensFlareQuality:3]]
[2021.04.06-16.09.20:015][  0]LogConfig: Setting CVar [[r.SceneColorFringeQuality:1]]
[2021.04.06-16.09.20:015][  0]LogConfig: Setting CVar [[r.EyeAdaptationQuality:2]]
[2021.04.06-16.09.20:015][  0]LogConfig: Setting CVar [[r.BloomQuality:5]]
[2021.04.06-16.09.20:015][  0]LogConfig: Setting CVar [[r.FastBlurThreshold:100]]
[2021.04.06-16.09.20:015][  0]LogConfig: Setting CVar [[r.Upscale.Quality:3]]
[2021.04.06-16.09.20:015][  0]LogConfig: Setting CVar [[r.Tonemapper.GrainQuantization:1]]
[2021.04.06-16.09.20:015][  0]LogConfig: Setting CVar [[r.LightShaftQuality:1]]
[2021.04.06-16.09.20:015][  0]LogConfig: Setting CVar [[r.Filter.SizeScale:1]]
[2021.04.06-16.09.20:015][  0]LogConfig: Setting CVar [[r.Tonemapper.Quality:5]]
[2021.04.06-16.09.20:015][  0]LogConfig: Setting CVar [[r.DOF.Gather.AccumulatorQuality:1        ; higher gathering accumulator quality]]
[2021.04.06-16.09.20:015][  0]LogConfig: Setting CVar [[r.DOF.Gather.PostfilterMethod:1          ; Median3x3 postfilering method]]
[2021.04.06-16.09.20:015][  0]LogConfig: Setting CVar [[r.DOF.Gather.EnableBokehSettings:1       ; bokeh simulation when gathering]]
[2021.04.06-16.09.20:015][  0]LogConfig: Setting CVar [[r.DOF.Gather.RingCount:5                 ; high number of samples when gathering]]
[2021.04.06-16.09.20:015][  0]LogConfig: Setting CVar [[r.DOF.Scatter.ForegroundCompositing:1    ; additive foreground scattering]]
[2021.04.06-16.09.20:015][  0]LogConfig: Setting CVar [[r.DOF.Scatter.BackgroundCompositing:2    ; background scattering occlusion]]
[2021.04.06-16.09.20:015][  0]LogConfig: Setting CVar [[r.DOF.Scatter.EnableBokehSettings:1      ; no bokeh simulation when scattering]]
[2021.04.06-16.09.20:015][  0]LogConfig: Setting CVar [[r.DOF.Scatter.MaxSpriteRatio:0.25        ; only a maximum of 10% of scattered bokeh]]
[2021.04.06-16.09.20:015][  0]LogConfig: Setting CVar [[r.DOF.Recombine.Quality:2                ; highest slight out of focus]]
[2021.04.06-16.09.20:015][  0]LogConfig: Setting CVar [[r.DOF.Recombine.EnableBokehSettings:1    ; bokeh simulation on slight out of focus]]
[2021.04.06-16.09.20:015][  0]LogConfig: Setting CVar [[r.DOF.TemporalAAQuality:1                ; more stable temporal accumulation]]
[2021.04.06-16.09.20:015][  0]LogConfig: Setting CVar [[r.DOF.Kernel.MaxForegroundRadius:0.025]]
[2021.04.06-16.09.20:015][  0]LogConfig: Setting CVar [[r.DOF.Kernel.MaxBackgroundRadius:0.025]]
[2021.04.06-16.09.20:015][  0]LogConfig: Applying CVar settings from Section [TextureQuality@Cine] File [U:/Projects/EscapeFromMorkov/Saved/Config/Windows/Scalability.ini]
[2021.04.06-16.09.20:015][  0]LogConfig: Setting CVar [[r.Streaming.MipBias:0]]
[2021.04.06-16.09.20:015][  0]LogConfig: Setting CVar [[r.Streaming.AmortizeCPUToGPUCopy:0]]
[2021.04.06-16.09.20:015][  0]LogConfig: Setting CVar [[r.Streaming.MaxNumTexturesToStreamPerFrame:0]]
[2021.04.06-16.09.20:015][  0]LogConfig: Setting CVar [[r.Streaming.Boost:1]]
[2021.04.06-16.09.20:015][  0]LogConfig: Setting CVar [[r.MaxAnisotropy:8]]
[2021.04.06-16.09.20:015][  0]LogConfig: Setting CVar [[r.VT.MaxAnisotropy:8]]
[2021.04.06-16.09.20:015][  0]LogConfig: Setting CVar [[r.Streaming.LimitPoolSizeToVRAM:0]]
[2021.04.06-16.09.20:015][  0]LogConfig: Setting CVar [[r.Streaming.PoolSize:3000]]
[2021.04.06-16.09.20:015][  0]LogConfig: Setting CVar [[r.Streaming.MaxEffectiveScreenSize:0]]
[2021.04.06-16.09.20:015][  0]LogConfig: Applying CVar settings from Section [EffectsQuality@Cine] File [U:/Projects/EscapeFromMorkov/Saved/Config/Windows/Scalability.ini]
[2021.04.06-16.09.20:015][  0]LogConfig: Setting CVar [[r.TranslucencyLightingVolumeDim:64]]
[2021.04.06-16.09.20:015][  0]LogConfig: Setting CVar [[r.RefractionQuality:2]]
[2021.04.06-16.09.20:015][  0]LogConfig: Setting CVar [[r.SSR.Quality:4]]
[2021.04.06-16.09.20:016][  0]LogConfig: Setting CVar [[r.SSR.HalfResSceneColor:0]]
[2021.04.06-16.09.20:016][  0]LogConfig: Setting CVar [[r.SceneColorFormat:4]]
[2021.04.06-16.09.20:016][  0]LogConfig: Setting CVar [[r.DetailMode:2]]
[2021.04.06-16.09.20:016][  0]LogConfig: Setting CVar [[r.TranslucencyVolumeBlur:1]]
[2021.04.06-16.09.20:016][  0]LogConfig: Setting CVar [[r.MaterialQualityLevel:1 ; High quality]]
[2021.04.06-16.09.20:016][  0]LogConfig: Setting CVar [[r.SSS.Scale:1]]
[2021.04.06-16.09.20:016][  0]LogConfig: Setting CVar [[r.SSS.SampleSet:2]]
[2021.04.06-16.09.20:016][  0]LogConfig: Setting CVar [[r.SSS.Quality:1]]
[2021.04.06-16.09.20:016][  0]LogConfig: Setting CVar [[r.SSS.HalfRes:0]]
[2021.04.06-16.09.20:016][  0]LogConfig: Setting CVar [[r.SSGI.Quality:4]]
[2021.04.06-16.09.20:016][  0]LogConfig: Setting CVar [[r.EmitterSpawnRateScale:1.0]]
[2021.04.06-16.09.20:016][  0]LogConfig: Setting CVar [[r.ParticleLightQuality:2]]
[2021.04.06-16.09.20:016][  0]LogConfig: Setting CVar [[r.SkyAtmosphere.AerialPerspectiveLUT.FastApplyOnOpaque:0]]
[2021.04.06-16.09.20:016][  0]LogConfig: Setting CVar [[r.SkyAtmosphere.AerialPerspectiveLUT.SampleCountPerSlice:2]]
[2021.04.06-16.09.20:016][  0]LogConfig: Setting CVar [[r.SkyAtmosphere.AerialPerspectiveLUT.DepthResolution:32.0]]
[2021.04.06-16.09.20:016][  0]LogConfig: Setting CVar [[r.SkyAtmosphere.FastSkyLUT:0]]
[2021.04.06-16.09.20:016][  0]LogConfig: Setting CVar [[r.SkyAtmosphere.FastSkyLUT.SampleCountMin:4.0]]
[2021.04.06-16.09.20:016][  0]LogConfig: Setting CVar [[r.SkyAtmosphere.FastSkyLUT.SampleCountMax:32.0]]
[2021.04.06-16.09.20:016][  0]LogConfig: Setting CVar [[r.SkyAtmosphere.SampleCountMin:8.0]]
[2021.04.06-16.09.20:016][  0]LogConfig: Setting CVar [[r.SkyAtmosphere.SampleCountMax:32.0]]
[2021.04.06-16.09.20:016][  0]LogConfig: Setting CVar [[r.SkyAtmosphere.TransmittanceLUT.UseSmallFormat:0]]
[2021.04.06-16.09.20:016][  0]LogConfig: Setting CVar [[r.SkyAtmosphere.TransmittanceLUT.SampleCount:30.0]]
[2021.04.06-16.09.20:016][  0]LogConfig: Setting CVar [[r.SkyAtmosphere.MultiScatteringLUT.SampleCount:20.0]]
[2021.04.06-16.09.20:016][  0]LogConfig: Applying CVar settings from Section [FoliageQuality@Cine] File [U:/Projects/EscapeFromMorkov/Saved/Config/Windows/Scalability.ini]
[2021.04.06-16.09.20:016][  0]LogConfig: Setting CVar [[foliage.DensityScale:1.0]]
[2021.04.06-16.09.20:016][  0]LogConfig: Setting CVar [[grass.DensityScale:1.0]]
[2021.04.06-16.09.20:016][  0]LogConfig: Applying CVar settings from Section [ShadingQuality@Cine] File [U:/Projects/EscapeFromMorkov/Saved/Config/Windows/Scalability.ini]
[2021.04.06-16.09.20:016][  0]LogConfig: Setting CVar [[r.HairStrands.SkyLighting.SampleCount:64]]
[2021.04.06-16.09.20:016][  0]LogConfig: Setting CVar [[r.HairStrands.SkyLighting.JitterIntegration:1]]
[2021.04.06-16.09.20:016][  0]LogConfig: Setting CVar [[r.HairStrands.SkyAO.SampleCount:32]]
[2021.04.06-16.09.20:016][  0]LogConfig: Applying CVar settings from Section [Startup] File [../../../Engine/Config/ConsoleVariables.ini]
[2021.04.06-16.09.20:017][  0]LogConfig: Setting CVar [[net.UseAdaptiveNetUpdateFrequency:0]]
[2021.04.06-16.09.20:017][  0]LogConfig: Setting CVar [[p.chaos.AllowCreatePhysxBodies:1]]
[2021.04.06-16.09.20:017][  0]LogConfig: Applying CVar settings from Section [ConsoleVariables] File [U:/Projects/EscapeFromMorkov/Saved/Config/Windows/Engine.ini]
[2021.04.06-16.09.20:018][  0]LogInit: Computer: DESKTOP-R0BPHNF
[2021.04.06-16.09.20:018][  0]LogInit: User: Lortet
[2021.04.06-16.09.20:018][  0]LogInit: CPU Page size=4096, Cores=6
[2021.04.06-16.09.20:018][  0]LogInit: High frequency timer resolution =10.000000 MHz
[2021.04.06-16.09.20:019][  0]LogMemory: Memory total: Physical=19.8GB (20GB approx)
[2021.04.06-16.09.20:019][  0]LogMemory: Platform Memory Stats for Windows
[2021.04.06-16.09.20:019][  0]LogMemory: Process Physical Memory: 106.51 MB used, 106.51 MB peak
[2021.04.06-16.09.20:019][  0]LogMemory: Process Virtual Memory: 101.37 MB used, 101.37 MB peak
[2021.04.06-16.09.20:019][  0]LogMemory: Physical Memory: 17029.23 MB used,  3293.07 MB free, 20322.30 MB total
[2021.04.06-16.09.20:019][  0]LogMemory: Virtual Memory: 5161.18 MB used,  134212568.00 MB free, 134217728.00 MB total
[2021.04.06-16.09.20:026][  0]LogWindows: WindowsPlatformFeatures enabled
[2021.04.06-16.09.20:308][  0]LogInit: Overriding language with editor language configuration option (en).
[2021.04.06-16.09.20:308][  0]LogInit: Overriding locale with editor locale configuration option (en).
[2021.04.06-16.09.20:796][  0]LogInit: Setting process to per monitor DPI aware
[2021.04.06-16.09.20:955][  0]LogSlate: New Slate User Created.  User Index 0, Is Virtual User: 0
[2021.04.06-16.09.20:955][  0]LogSlate: Slate User Registered.  User Index 0, Is Virtual User: 0
[2021.04.06-16.09.21:609][  0]LogHMD: Failed to initialize OpenVR with code 110
[2021.04.06-16.09.21:609][  0]LogD3D11RHI: D3D11 min allowed feature level: 11_0
[2021.04.06-16.09.21:609][  0]LogD3D11RHI: D3D11 max allowed feature level: 11_0
[2021.04.06-16.09.21:609][  0]LogD3D11RHI: D3D11 adapters:
[2021.04.06-16.09.21:816][  0]LogD3D11RHI:    0. 'NVIDIA GeForce GTX 1050 Ti' (Feature Level 11_0)
[2021.04.06-16.09.21:816][  0]LogD3D11RHI:       4019/0/10161 MB DedicatedVideo/DedicatedSystem/SharedSystem, Outputs:2, VendorId:0x10de
[2021.04.06-16.09.21:850][  0]LogD3D11RHI:    1. 'Intel(R) UHD Graphics 630' (Feature Level 11_0)
[2021.04.06-16.09.21:850][  0]LogD3D11RHI:       128/0/10161 MB DedicatedVideo/DedicatedSystem/SharedSystem, Outputs:0, VendorId:0x8086
[2021.04.06-16.09.21:860][  0]LogD3D11RHI:    2. 'Microsoft Basic Render Driver' (Feature Level 11_0)
[2021.04.06-16.09.21:860][  0]LogD3D11RHI:       0/0/10161 MB DedicatedVideo/DedicatedSystem/SharedSystem, Outputs:0, VendorId:0x1414
[2021.04.06-16.09.21:860][  0]LogD3D11RHI: Chosen D3D11 Adapter: 0
[2021.04.06-16.09.21:884][  0]LogD3D11RHI: Creating new Direct3DDevice
[2021.04.06-16.09.21:885][  0]LogD3D11RHI:     GPU DeviceId: 0x1c8c (for the marketing name, search the web for "GPU Device Id")
[2021.04.06-16.09.21:885][  0]LogWindows: EnumDisplayDevices:
[2021.04.06-16.09.21:885][  0]LogWindows:    0. 'Intel(R) UHD Graphics 630' (P:1 D:1)
[2021.04.06-16.09.21:886][  0]LogWindows:    1. 'Intel(R) UHD Graphics 630' (P:0 D:0)
[2021.04.06-16.09.21:887][  0]LogWindows:    2. 'Intel(R) UHD Graphics 630' (P:0 D:0)
[2021.04.06-16.09.21:887][  0]LogWindows:    3. 'NVIDIA GeForce GTX 1050 Ti' (P:0 D:1)
[2021.04.06-16.09.21:888][  0]LogWindows: DebugString: PrimaryIsNotTheChoosenAdapter PrimaryIsNotTheChoosenAdapter PrimaryIsNotTheChoosenAdapter 
[2021.04.06-16.09.21:888][  0]LogD3D11RHI:     Adapter Name: NVIDIA GeForce GTX 1050 Ti
[2021.04.06-16.09.21:888][  0]LogD3D11RHI:   Driver Version: 461.40 (internal:27.21.14.6140, unified:461.40)
[2021.04.06-16.09.21:888][  0]LogD3D11RHI:      Driver Date: 1-22-2021
[2021.04.06-16.09.21:889][  0]LogRHI: Texture pool is 2813 MB (70% of 4019 MB)
[2021.04.06-16.09.22:077][  0]LogD3D11RHI: RHI has support for 64 bit atomics
[2021.04.06-16.09.22:078][  0]LogD3D11RHI: Async texture creation enabled
[2021.04.06-16.09.22:164][  0]LogD3D11RHI: GPU Timing Frequency: 1000.000000 (Debug: 2 2)
[2021.04.06-16.09.22:953][  0]LogTargetPlatformManager: Display: Loaded TargetPlatform 'AllDesktop'
[2021.04.06-16.09.23:026][  0]LogTargetPlatformManager: Display: Loaded TargetPlatform 'Android'
[2021.04.06-16.09.23:026][  0]LogTargetPlatformManager: Display: Loaded TargetPlatform 'Android_ASTC'
[2021.04.06-16.09.23:026][  0]LogTargetPlatformManager: Display: Loaded TargetPlatform 'Android_ATC'
[2021.04.06-16.09.23:026][  0]LogTargetPlatformManager: Display: Loaded TargetPlatform 'Android_DXT'
[2021.04.06-16.09.23:026][  0]LogTargetPlatformManager: Display: Loaded TargetPlatform 'Android_ETC1'
[2021.04.06-16.09.23:026][  0]LogTargetPlatformManager: Display: Loaded TargetPlatform 'Android_ETC1a'
[2021.04.06-16.09.23:026][  0]LogTargetPlatformManager: Display: Loaded TargetPlatform 'Android_ETC2'
[2021.04.06-16.09.23:026][  0]LogTargetPlatformManager: Display: Loaded TargetPlatform 'Android_PVRTC'
[2021.04.06-16.09.23:026][  0]LogTargetPlatformManager: Display: Loaded TargetPlatform 'AndroidClient'
[2021.04.06-16.09.23:026][  0]LogTargetPlatformManager: Display: Loaded TargetPlatform 'Android_ASTCClient'
[2021.04.06-16.09.23:026][  0]LogTargetPlatformManager: Display: Loaded TargetPlatform 'Android_ATCClient'
[2021.04.06-16.09.23:026][  0]LogTargetPlatformManager: Display: Loaded TargetPlatform 'Android_DXTClient'
[2021.04.06-16.09.23:026][  0]LogTargetPlatformManager: Display: Loaded TargetPlatform 'Android_ETC1Client'
[2021.04.06-16.09.23:026][  0]LogTargetPlatformManager: Display: Loaded TargetPlatform 'Android_ETC1aClient'
[2021.04.06-16.09.23:026][  0]LogTargetPlatformManager: Display: Loaded TargetPlatform 'Android_ETC2Client'
[2021.04.06-16.09.23:026][  0]LogTargetPlatformManager: Display: Loaded TargetPlatform 'Android_PVRTCClient'
[2021.04.06-16.09.23:026][  0]LogTargetPlatformManager: Display: Loaded TargetPlatform 'Android_Multi'
[2021.04.06-16.09.23:026][  0]LogTargetPlatformManager: Display: Loaded TargetPlatform 'Android_MultiClient'
[2021.04.06-16.09.23:070][  0]LogTargetPlatformManager: Display: Loaded TargetPlatform 'IOSClient'
[2021.04.06-16.09.23:070][  0]LogTargetPlatformManager: Display: Loaded TargetPlatform 'IOS'
[2021.04.06-16.09.23:088][  0]LogTargetPlatformManager: Display: Loaded TargetPlatform 'LinuxNoEditor'
[2021.04.06-16.09.23:108][  0]LogTargetPlatformManager: Display: Loaded TargetPlatform 'LinuxClient'
[2021.04.06-16.09.23:128][  0]LogTargetPlatformManager: Display: Loaded TargetPlatform 'LinuxServer'
[2021.04.06-16.09.23:144][  0]LogTargetPlatformManager: Display: Loaded TargetPlatform 'LinuxAArch64NoEditor'
[2021.04.06-16.09.23:162][  0]LogTargetPlatformManager: Display: Loaded TargetPlatform 'LinuxAArch64Client'
[2021.04.06-16.09.23:183][  0]LogTargetPlatformManager: Display: Loaded TargetPlatform 'LinuxAArch64Server'
[2021.04.06-16.09.23:248][  0]LogTargetPlatformManager: Display: Loaded TargetPlatform 'Lumin'
[2021.04.06-16.09.23:248][  0]LogTargetPlatformManager: Display: Loaded TargetPlatform 'LuminClient'
[2021.04.06-16.09.23:279][  0]LogTargetPlatformManager: Display: Loaded TargetPlatform 'TVOSClient'
[2021.04.06-16.09.23:280][  0]LogTargetPlatformManager: Display: Loaded TargetPlatform 'TVOS'
[2021.04.06-16.09.23:301][  0]LogTargetPlatformManager: Display: Loaded TargetPlatform 'WindowsNoEditor'
[2021.04.06-16.09.23:320][  0]LogTargetPlatformManager: Display: Loaded TargetPlatform 'Windows'
[2021.04.06-16.09.23:341][  0]LogTargetPlatformManager: Display: Loaded TargetPlatform 'WindowsClient'
[2021.04.06-16.09.23:368][  0]LogTargetPlatformManager: Display: Loaded TargetPlatform 'WindowsServer'
[2021.04.06-16.09.23:368][  0]LogTargetPlatformManager: Display: Building Assets For Windows
[2021.04.06-16.09.23:384][  0]LogAudioDebug: Display: Lib vorbis DLL was dynamically loaded.
[2021.04.06-16.09.23:538][  0]LogShaderCompilers: Guid format shader working directory is 7 characters bigger than the processId version (../../../../../Projects/EscapeFromMorkov/Intermediate/Shaders/WorkingDirectory/4760/).
[2021.04.06-16.09.23:538][  0]LogShaderCompilers: Cleaned the shader compiler working directory 'C:/Users/Lortet/AppData/Local/Temp/UnrealShaderWorkingDir/6DE9BE7F4F9C9F8A267F4390A21CA866/'.
[2021.04.06-16.09.23:542][  0]LogXGEController: Cleaning working directory: C:/Users/Lortet/AppData/Local/Temp/UnrealXGEWorkingDir/
[2021.04.06-16.09.23:543][  0]LogXGEController: Cannot use XGE Controller as Incredibuild is not installed on this machine.
[2021.04.06-16.09.23:544][  0]LogShaderCompilers: Cannot use XGE Shader Compiler as Incredibuild is not installed on this machine.
[2021.04.06-16.09.23:544][  0]LogShaderCompilers: Display: Using Local Shader Compiler.
[2021.04.06-16.09.25:533][  0]LogDerivedDataCache: Display: Max Cache Size: 512 MB
[2021.04.06-16.09.26:116][  0]LogDerivedDataCache: Loaded boot cache 0.58s 78MB C:/Users/Lortet/AppData/Local/UnrealEngine/4.24/DerivedDataCache/Boot.ddc.
[2021.04.06-16.09.26:116][  0]LogDerivedDataCache: Display: Loaded Boot cache: C:/Users/Lortet/AppData/Local/UnrealEngine/4.24/DerivedDataCache/Boot.ddc
[2021.04.06-16.09.26:116][  0]LogDerivedDataCache: FDerivedDataBackendGraph:  Pak pak cache file ../../../../../Projects/EscapeFromMorkov/DerivedDataCache/DDC.ddp not found, will not use a pak cache.
[2021.04.06-16.09.26:116][  0]LogDerivedDataCache: Unable to find inner node Pak for hierarchical cache Hierarchy.
[2021.04.06-16.09.26:117][  0]LogDerivedDataCache: FDerivedDataBackendGraph:  CompressedPak pak cache file ../../../../../Projects/EscapeFromMorkov/DerivedDataCache/Compressed.ddp not found, will not use a pak cache.
[2021.04.06-16.09.26:117][  0]LogDerivedDataCache: Unable to find inner node CompressedPak for hierarchical cache Hierarchy.
[2021.04.06-16.09.26:141][  0]LogDerivedDataCache: Display: Pak cache opened for reading ../../../Engine/DerivedDataCache/Compressed.ddp.
[2021.04.06-16.09.26:142][  0]LogDerivedDataCache: FDerivedDataBackendGraph:  EnterprisePak pak cache file ../../../Enterprise/DerivedDataCache/Compressed.ddp not found, will not use a pak cache.
[2021.04.06-16.09.26:142][  0]LogDerivedDataCache: Unable to find inner node EnterprisePak for hierarchical cache Hierarchy.
[2021.04.06-16.09.26:146][  0]LogDerivedDataCache: Using Local data cache path C:/Users/Lortet/AppData/Local/UnrealEngine/Common/DerivedDataCache: Writable
[2021.04.06-16.09.26:146][  0]LogDerivedDataCache: Shared data cache path not found in *engine.ini, will not use an Shared cache.
[2021.04.06-16.09.26:146][  0]LogDerivedDataCache: Unable to find inner node Shared for hierarchical cache Hierarchy.
[2021.04.06-16.09.26:221][  0]LogMaterial: Verifying Global Shaders for PCD3D_SM5
[2021.04.06-16.09.26:240][  0]LogSlate: Using FreeType 2.10.0
[2021.04.06-16.09.26:253][  0]LogSlate: SlateFontServices - WITH_FREETYPE: 1, WITH_HARFBUZZ: 1
[2021.04.06-16.09.26:574][  0]LogAssetRegistry: FAssetRegistry took 0.0140 seconds to start up
[2021.04.06-16.09.28:057][  0]LogInit: Selected Device Profile: [Windows]
[2021.04.06-16.09.28:726][  0]LogMeshReduction: Using QuadricMeshReduction for automatic static mesh reduction
[2021.04.06-16.09.28:726][  0]LogMeshReduction: Using SimplygonMeshReduction for automatic skeletal mesh reduction
[2021.04.06-16.09.28:726][  0]LogMeshReduction: Using ProxyLODMeshReduction for automatic mesh merging
[2021.04.06-16.09.28:726][  0]LogMeshReduction: No distributed automatic mesh merging module available
[2021.04.06-16.09.28:726][  0]LogMeshMerging: No distributed automatic mesh merging module available
[2021.04.06-16.09.28:818][  0]LogNetVersion: EscapeFromMorkov 1.0.0, NetCL: 10570792, EngineNetVer: 13, GameNetVer: 0 (Checksum: 1930910190)
[2021.04.06-16.09.33:760][  0]LogPackageLocalizationCache: Processed 10 localized package path(s) for 1 prioritized culture(s) in 0.099648 seconds
[2021.04.06-16.09.33:791][  0]LogUObjectArray: 46750 objects as part of root set at end of initial load.
[2021.04.06-16.09.33:791][  0]LogUObjectAllocator: 8137160 out of 0 bytes used by permanent object pool.
[2021.04.06-16.09.33:791][  0]LogUObjectArray: CloseDisregardForGC: 0/0 objects in disregard for GC pool
[2021.04.06-16.09.35:740][  0]LogVaRest: FVaRestModule::StartupModule(26): VaRest module started
[2021.04.06-16.09.35:762][  0]LogTcpMessaging: Initializing TcpMessaging bridge
[2021.04.06-16.09.35:841][  0]LogUdpMessaging: Initializing bridge on interface 0.0.0.0:0 to multicast group 230.0.0.1:6666.
[2021.04.06-16.09.36:099][  0]SourceControl: Source control is disabled
[2021.04.06-16.09.36:100][  0]SourceControl: Source control is disabled
[2021.04.06-16.09.36:117][  0]SourceControl: Source control is disabled
[2021.04.06-16.09.36:128][  0]SourceControl: Source control is disabled
[2021.04.06-16.09.36:137][  0]SourceControl: Source control is disabled
[2021.04.06-16.09.36:593][  0]LogAndroidPermission: UAndroidPermissionCallbackProxy::GetInstance
[2021.04.06-16.09.36:650][  0]LogAudioCaptureCore: Display: No Audio Capture implementations found. Audio input will be silent.
[2021.04.06-16.09.36:650][  0]LogAudioCaptureCore: Display: No Audio Capture implementations found. Audio input will be silent.
[2021.04.06-16.09.36:997][  0]LogOcInput: OculusInput pre-init called
[2021.04.06-16.09.37:030][  0]LogWindows: Failed to load 'OVRPlugin.dll' (GetLastError=126)
[2021.04.06-16.09.37:030][  0]LogWindows: File 'OVRPlugin.dll' does not exist
[2021.04.06-16.09.37:379][  0]LogEngine: Initializing Engine...
[2021.04.06-16.09.37:385][  0]LogVaRest: UVaRestSubsystem::Initialize(23): VaRest subsystem initialized
[2021.04.06-16.09.37:388][  0]LogHMD: Failed to initialize OpenVR with code 110
[2021.04.06-16.09.37:402][  0]LogStats: UGameplayTagsManager::InitializeManager -  0.005 s
[2021.04.06-16.09.38:452][  0]LogInit: Initializing FReadOnlyCVARCache
[2021.04.06-16.09.38:577][  0]LogAIModule: Creating AISystem for world Untitled
[2021.04.06-16.09.38:635][  0]LogAudioMixer: Display: Audio Mixer Platform Settings:
[2021.04.06-16.09.38:635][  0]LogAudioMixer: Display: 	Sample Rate:						  48000
[2021.04.06-16.09.38:635][  0]LogAudioMixer: Display: 	Callback Buffer Frame Size Requested: 1024
[2021.04.06-16.09.38:636][  0]LogAudioMixer: Display: 	Callback Buffer Frame Size To Use:	  1024
[2021.04.06-16.09.38:636][  0]LogAudioMixer: Display: 	Number of buffers to queue:			  2
[2021.04.06-16.09.38:636][  0]LogAudioMixer: Display: 	Max Channels (voices):				  32
[2021.04.06-16.09.38:636][  0]LogAudioMixer: Display: 	Number of Async Source Workers:		  0
[2021.04.06-16.09.38:636][  0]LogAudio: Display: AudioDevice MaxSources: 32
[2021.04.06-16.09.38:642][  0]LogAudio: Display: Using built-in audio occlusion.
[2021.04.06-16.09.38:643][  0]LogAudioMixer: Display: Initializing audio mixer.
[2021.04.06-16.09.38:752][  0]LogAudioMixer: Display: Audio Device Output Speaker Info:
[2021.04.06-16.09.38:752][  0]LogAudioMixer: Display: Name: Haut-parleurs (Realtek High Definition Audio)
[2021.04.06-16.09.38:752][  0]LogAudioMixer: Display: Is Default: Yes
[2021.04.06-16.09.38:752][  0]LogAudioMixer: Display: Sample Rate: 48000
[2021.04.06-16.09.38:752][  0]LogAudioMixer: Display: Channel Count Used: 2
[2021.04.06-16.09.38:752][  0]LogAudioMixer: Display: Device Channel Count: 2
[2021.04.06-16.09.38:752][  0]LogAudioMixer: Display: Channel Order:
[2021.04.06-16.09.38:752][  0]LogAudioMixer: Display: 0: FrontLeft
[2021.04.06-16.09.38:752][  0]LogAudioMixer: Display: 1: FrontRight
[2021.04.06-16.09.38:844][  0]LogAudioMixer: Display: Using Audio Device Haut-parleurs (Realtek High Definition Audio)
[2021.04.06-16.09.38:856][  0]LogInit: FAudioDevice initialized.
[2021.04.06-16.09.38:861][  0]LogNetVersion: Set ProjectVersion to 1.0.0.0. Version Checksum will be recalculated on next use.
[2021.04.06-16.09.39:243][  0]LogDerivedDataCache: Saved boot cache 0.38s 78MB C:/Users/Lortet/AppData/Local/UnrealEngine/4.24/DerivedDataCache/Boot.ddc.
[2021.04.06-16.09.39:245][  0]LogInit: Texture streaming: Enabled
[2021.04.06-16.09.39:297][  0]LogEngineSessionManager: EngineSessionManager initialized
[2021.04.06-16.09.39:297][  0]LogEditorSessionSummary: Verbose: Initializing EditorSessionSummaryWriter for editor session tracking
[2021.04.06-16.09.39:302][  0]LogEditorSessionSummary: EditorSessionSummaryWriter initialized
[2021.04.06-16.09.39:854][  0]LogInit: Transaction tracking system initialized
[2021.04.06-16.09.39:980][  0]BlueprintLog: New page: Editor Load
[2021.04.06-16.09.40:309][  0]LocalizationService: Localization service is disabled
[2021.04.06-16.09.41:414][  0]LogFileCache: Scanning file cache for directory 'U:/Projects/EscapeFromMorkov/Content/' took 0.00s
[2021.04.06-16.09.41:414][  0]LogCook: Display: Max memory allowance for cook 16384mb min free memory 0mb
[2021.04.06-16.09.41:415][  0]LogCook: Display: Mobile HDR setting 1
[2021.04.06-16.09.43:696][  0]SourceControl: Source control is disabled
[2021.04.06-16.09.43:705][  0]Cmd: MAP LOAD FILE="../../../Engine/Content/Maps/Templates/Template_Default.umap" TEMPLATE=1 SHOWPROGRESS=1 FEATURELEVEL=3
[2021.04.06-16.09.43:709][  0]LightingResults: New page: Lighting Build
[2021.04.06-16.09.43:732][  0]LogWorld: UWorld::CleanupWorld for Untitled, bSessionEnded=true, bCleanupResources=true
[2021.04.06-16.09.43:735][  0]LogSlate: InvalidateAllWidgets triggered.  All widgets were invalidated
[2021.04.06-16.09.43:739][  0]MapCheck: New page: Map Check
[2021.04.06-16.09.43:739][  0]LightingResults: New page: Lighting Build
[2021.04.06-16.09.43:817][  0]LogUObjectHash: Compacting FUObjectHashTables data took   2.20ms
[2021.04.06-16.09.44:153][  0]LogAIModule: Creating AISystem for world Untitled_1
[2021.04.06-16.09.44:237][  0]LogEditorServer: Finished looking for orphan Actors (0.000 secs)
[2021.04.06-16.09.44:302][  0]LogUObjectHash: Compacting FUObjectHashTables data took   4.41ms
[2021.04.06-16.09.44:303][  0]Cmd: MAP CHECKDEP NOCLEARLOG
[2021.04.06-16.09.44:304][  0]MapCheck: Map check complete: 0 Error(s), 0 Warning(s), took 0.599ms to complete.
[2021.04.06-16.09.44:304][  0]LogFileHelpers: Loading map 'Template_Default' took 0.605
[2021.04.06-16.09.44:845][  0]LogSlate: Updating window title bar state: overlay mode, drag disabled, window buttons hidden, title bar hidden
[2021.04.06-16.09.44:881][  0]LogSlate: Updating window title bar state: overlay mode, drag disabled, window buttons hidden, title bar hidden
[2021.04.06-16.09.44:905][  0]LogSlate: Updating window title bar state: overlay mode, drag disabled, window buttons hidden, title bar hidden
[2021.04.06-16.09.44:928][  0]LogSlate: Updating window title bar state: overlay mode, drag disabled, window buttons hidden, title bar hidden
[2021.04.06-16.09.44:962][  0]LogCollectionManager: Loaded 0 collections in 0.001817 seconds
[2021.04.06-16.09.45:085][  0]LogFileCache: Scanning file cache for directory 'U:/Projects/EscapeFromMorkov/Saved/Collections/' took 0.01s
[2021.04.06-16.09.45:085][  0]LogFileCache: Scanning file cache for directory 'U:/Projects/EscapeFromMorkov/Content/Developers/Lortet/Collections/' took 0.00s
[2021.04.06-16.09.45:085][  0]LogFileCache: Scanning file cache for directory 'U:/Projects/EscapeFromMorkov/Content/Collections/' took 0.01s
[2021.04.06-16.09.45:085][  0]LogContentBrowser: Native class hierarchy populated in 0.0237 seconds. Added 3023 classes and 722 folders.
[2021.04.06-16.09.45:142][  0]LogContentBrowser: Native class hierarchy updated for 'WidgetCarousel' in 0.0015 seconds. Added 0 classes and 0 folders.
[2021.04.06-16.09.45:395][  0]LogContentBrowser: Native class hierarchy updated for 'AddContentDialog' in 0.0009 seconds. Added 0 classes and 0 folders.
[2021.04.06-16.09.45:435][  0]LogContentBrowser: Native class hierarchy updated for 'SceneOutliner' in 0.0008 seconds. Added 2 classes and 3 folders.
[2021.04.06-16.09.48:229][  0]LogSlate: Took 0.001638 seconds to synchronously load lazily loaded font '../../../Engine/Content/Slate/Fonts/Roboto-Regular.ttf' (155K)
[2021.04.06-16.09.48:237][  0]LogSlate: Took 0.001262 seconds to synchronously load lazily loaded font '../../../Engine/Content/Slate/Fonts/Roboto-Bold.ttf' (160K)
[2021.04.06-16.09.48:250][  0]LogSlate: Took 0.000950 seconds to synchronously load lazily loaded font '../../../Engine/Content/Editor/Slate/Fonts/FontAwesome.ttf' (139K)
[2021.04.06-16.09.48:253][  0]LogSlate: Took 0.000931 seconds to synchronously load lazily loaded font '../../../Engine/Content/Slate/Fonts/DroidSansMono.ttf' (77K)
[2021.04.06-16.09.48:499][  0]LogRenderer: Reallocating scene render targets to support 1228x600 Format 10 NumSamples 1 (Frame:1).
[2021.04.06-16.09.48:933][  0]LogContentBrowser: Native class hierarchy updated for 'HierarchicalLODOutliner' in 0.0009 seconds. Added 0 classes and 0 folders.
[2021.04.06-16.09.48:933][  0]LogLoad: (Engine Initialization) Total time: 32.50 seconds
[2021.04.06-16.09.48:933][  0]LogLoad: (Engine Initialization) Total Blueprint compile time: 0.00 seconds
[2021.04.06-16.09.49:039][  0]LogContentStreaming: Texture pool size now 3000 MB
[2021.04.06-16.09.49:144][  0]LogRenderer: Reallocating scene render targets to support 1228x616 Format 10 NumSamples 1 (Frame:3).
[2021.04.06-16.09.53:019][  6]LogAssetRegistry: Asset discovery search completed in 26.4500 seconds
[2021.04.06-16.09.53:037][  6]LogCollectionManager: Fixed up redirectors for 0 collections in 0.000449 seconds (updated 0 objects)
[2021.04.06-16.10.28:127][644]LogSlate: Took 0.001034 seconds to synchronously load lazily loaded font '../../../Engine/Content/Slate/Fonts/Roboto-Light.ttf' (167K)
[2021.04.06-16.10.30:447][798]LogBlueprint: Warning: [Compiler CH_player] InputAction Event references unknown Action 'OpenRightPortal' for  InputAction OpenRightPortal
[2021.04.06-16.10.30:447][798]LogBlueprint: Warning: [Compiler CH_player] InputAction Event references unknown Action 'OpenLeftPortal' for  InputAction OpenLeftPortal
[2021.04.06-16.10.30:448][798]LogBlueprint: Warning: [Compiler CH_player] InputAction Event references unknown Action 'Dash' for  InputAction Dash
[2021.04.06-16.10.30:448][798]LogBlueprint: Warning: [Compiler CH_player] InputAction Event references unknown Action 'Jump' for  InputAction Jump
[2021.04.06-16.10.30:448][798]LogBlueprint: Warning: [Compiler CH_player] Input Axis Event references unknown Axis 'MoveSide' for  InputAxis MoveSide
[2021.04.06-16.10.30:448][798]LogBlueprint: Warning: [Compiler CH_player] Input Axis Event references unknown Axis 'MoveForward' for  InputAxis MoveForward
[2021.04.06-16.10.30:449][798]LogBlueprint: Warning: [Compiler CH_player] Input Axis Event references unknown Axis 'Turn' for  InputAxis Turn
[2021.04.06-16.10.30:449][798]LogBlueprint: Warning: [Compiler CH_player] Input Axis Event references unknown Axis 'LookUp' for  InputAxis LookUp
[2021.04.06-16.10.30:449][798]LogBlueprint: Warning: [Compiler CH_player] Input Axis Event references unknown Axis 'LookUpRate' for  InputAxis LookUpRate
[2021.04.06-16.10.30:449][798]LogBlueprint: Warning: [Compiler CH_player] Input Axis Event references unknown Axis 'TurnRate' for  InputAxis TurnRate
[2021.04.06-16.10.30:915][798]LogAIModule: Creating AISystem for world MAP_Lvl1
[2021.04.06-16.16.14:762][120]LogUObjectHash: Compacting FUObjectHashTables data took   3.32ms
[2021.04.06-16.16.14:833][120]LogSlate: Window 'EscapeFromMorkov - Unreal Editor' being destroyed
[2021.04.06-16.16.15:097][121]Cmd: QUIT_EDITOR
[2021.04.06-16.16.15:097][121]LogCore: Engine exit requested (reason: UUnrealEdEngine::CloseEditor())
[2021.04.06-16.16.15:131][121]LogCore: Engine exit requested (reason: EngineExit() was called; note: exit was already requested)
[2021.04.06-16.16.15:137][121]LogAudioMixer: Display: No commands were queued while flushing the source manager.
[2021.04.06-16.16.15:178][121]LogWindowsTextInputMethodSystem: Display: IME system now deactivated.
[2021.04.06-16.16.15:199][121]LogExit: Preparing to exit.
[2021.04.06-16.16.16:338][121]LogWorld: UWorld::CleanupWorld for World_0, bSessionEnded=true, bCleanupResources=true
[2021.04.06-16.16.16:423][121]LogDemo: Cleaned up 0 splitscreen connections with owner deletion
[2021.04.06-16.16.16:453][121]LogWorld: UWorld::CleanupWorld for None, bSessionEnded=true, bCleanupResources=true
[2021.04.06-16.16.16:453][121]LogExit: Editor shut down
[2021.04.06-16.16.16:454][121]LogExit: Transaction tracking system shut down
[2021.04.06-16.16.17:099][121]LogExit: Object subsystem successfully closed.
[2021.04.06-16.16.17:189][121]LogShaderCompilers: Display: Shaders left to compile 0
[2021.04.06-16.16.17:365][121]LogModuleManager: Shutting down and abandoning module HierarchicalLODOutliner (704)
[2021.04.06-16.16.17:365][121]LogModuleManager: Shutting down and abandoning module ExternalImagePicker (702)
[2021.04.06-16.16.17:365][121]LogModuleManager: Shutting down and abandoning module SceneOutliner (700)
[2021.04.06-16.16.17:366][121]LogModuleManager: Shutting down and abandoning module AddContentDialog (698)
[2021.04.06-16.16.17:368][121]LogModuleManager: Shutting down and abandoning module WidgetCarousel (697)
[2021.04.06-16.16.17:368][121]LogModuleManager: Shutting down and abandoning module EditorWidgets (694)
[2021.04.06-16.16.17:368][121]LogModuleManager: Shutting down and abandoning module CollectionManager (692)
[2021.04.06-16.16.17:371][121]LogModuleManager: Shutting down and abandoning module HierarchicalLODUtilities (690)
[2021.04.06-16.16.17:372][121]LogModuleManager: Shutting down and abandoning module StatsViewer (688)
[2021.04.06-16.16.17:374][121]LogModuleManager: Shutting down and abandoning module VirtualTexturingEditor (686)
[2021.04.06-16.16.17:374][121]LogModuleManager: Shutting down and abandoning module FoliageEdit (684)
[2021.04.06-16.16.17:376][121]LogModuleManager: Shutting down and abandoning module LandscapeEditor (682)
[2021.04.06-16.16.17:385][121]LogModuleManager: Shutting down and abandoning module MeshPaintMode (680)
[2021.04.06-16.16.17:385][121]LogModuleManager: Shutting down and abandoning module SceneDepthPickerMode (678)
[2021.04.06-16.16.17:385][121]LogModuleManager: Shutting down and abandoning module ActorPickerMode (676)
[2021.04.06-16.16.17:385][121]LogModuleManager: Shutting down and abandoning module GeometryMode (674)
[2021.04.06-16.16.17:385][121]LogModuleManager: Shutting down and abandoning module TextureAlignMode (672)
[2021.04.06-16.16.17:385][121]LogModuleManager: Shutting down and abandoning module BspMode (670)
[2021.04.06-16.16.17:386][121]LogModuleManager: Shutting down and abandoning module PIEPreviewDeviceProfileSelector (668)
[2021.04.06-16.16.17:387][121]LogModuleManager: Shutting down and abandoning module SequenceRecorderSections (666)
[2021.04.06-16.16.17:388][121]LogModuleManager: Shutting down and abandoning module AutomationWorker (664)
[2021.04.06-16.16.17:390][121]LogModuleManager: Shutting down and abandoning module SteamVREditor (662)
[2021.04.06-16.16.17:390][121]LogModuleManager: Shutting down and abandoning module OculusMR (660)
[2021.04.06-16.16.17:391][121]LogModuleManager: Shutting down and abandoning module AudioCaptureEditor (658)
[2021.04.06-16.16.17:391][121]LogModuleManager: Shutting down and abandoning module MatineeToLevelSequence (656)
[2021.04.06-16.16.17:393][121]LogModuleManager: Shutting down and abandoning module LevelSequenceEditor (654)
[2021.04.06-16.16.17:398][121]LogModuleManager: Shutting down and abandoning module PlacementMode (653)
[2021.04.06-16.16.17:398][121]LogModuleManager: Shutting down and abandoning module MaterialEditor (652)
[2021.04.06-16.16.17:402][121]LogModuleManager: Shutting down and abandoning module ActorSequenceEditor (648)
[2021.04.06-16.16.17:406][121]LogModuleManager: Shutting down and abandoning module WmfMediaFactory (646)
[2021.04.06-16.16.17:406][121]LogModuleManager: Shutting down and abandoning module WmfMediaEditor (644)
[2021.04.06-16.16.17:406][121]LogModuleManager: Shutting down and abandoning module WebMMediaFactory (642)
[2021.04.06-16.16.17:406][121]LogModuleManager: Shutting down and abandoning module WebMMediaEditor (640)
[2021.04.06-16.16.17:406][121]LogModuleManager: Shutting down and abandoning module WebMMedia (638)
[2021.04.06-16.16.17:407][121]LogModuleManager: Shutting down and abandoning module MediaPlayerEditor (636)
[2021.04.06-16.16.17:411][121]LogModuleManager: Shutting down and abandoning module MediaCompositingEditor (634)
[2021.04.06-16.16.17:415][121]LogModuleManager: Shutting down and abandoning module SequenceRecorder (633)
[2021.04.06-16.16.17:419][121]LogModuleManager: Shutting down and abandoning module OpenExrWrapper (630)
[2021.04.06-16.16.17:420][121]LogModuleManager: Shutting down and abandoning module ImgMediaFactory (628)
[2021.04.06-16.16.17:420][121]LogModuleManager: Shutting down and abandoning module ImgMediaEditor (626)
[2021.04.06-16.16.17:420][121]LogModuleManager: Shutting down and abandoning module AvfMediaFactory (624)
[2021.04.06-16.16.17:420][121]LogModuleManager: Shutting down and abandoning module AvfMediaEditor (622)
[2021.04.06-16.16.17:420][121]LogModuleManager: Shutting down and abandoning module AndroidMediaFactory (620)
[2021.04.06-16.16.17:420][121]LogModuleManager: Shutting down and abandoning module AndroidMediaEditor (618)
[2021.04.06-16.16.17:420][121]LogModuleManager: Shutting down and abandoning module MagicLeapMediaCodecFactory (616)
[2021.04.06-16.16.17:420][121]LogModuleManager: Shutting down and abandoning module MagicLeapMediaFactory (614)
[2021.04.06-16.16.17:420][121]LogModuleManager: Shutting down and abandoning module MagicLeapMediaEditor (612)
[2021.04.06-16.16.17:420][121]LogModuleManager: Shutting down and abandoning module CharacterAI (610)
[2021.04.06-16.16.17:420][121]LogModuleManager: Shutting down and abandoning module SmartSnapping (608)
[2021.04.06-16.16.17:420][121]LogModuleManager: Shutting down and abandoning module SessionServices (606)
[2021.04.06-16.16.17:421][121]LogModuleManager: Shutting down and abandoning module MeshPaint (604)
[2021.04.06-16.16.17:424][121]LogModuleManager: Shutting down and abandoning module ViewportSnapping (602)
[2021.04.06-16.16.17:425][121]LogModuleManager: Shutting down and abandoning module ViewportInteraction (600)
[2021.04.06-16.16.17:426][121]LogModuleManager: Shutting down and abandoning module ClothPainter (598)
[2021.04.06-16.16.17:432][121]LogModuleManager: Shutting down and abandoning module SkeletalMeshEditor (597)
[2021.04.06-16.16.17:435][121]LogModuleManager: Shutting down and abandoning module LogVisualizer (594)
[2021.04.06-16.16.17:440][121]LogModuleManager: Shutting down and abandoning module IntroTutorials (592)
[2021.04.06-16.16.17:444][121]LogModuleManager: Shutting down and abandoning module GameProjectGeneration (591)
[2021.04.06-16.16.17:445][121]LogModuleManager: Shutting down and abandoning module LuminPlatformEditor (588)
[2021.04.06-16.16.17:445][121]LogModuleManager: Shutting down and abandoning module IOSPlatformEditor (586)
[2021.04.06-16.16.17:445][121]LogModuleManager: Shutting down and abandoning module AndroidPlatformEditor (584)
[2021.04.06-16.16.17:446][121]LogModuleManager: Shutting down and abandoning module AndroidDeviceDetection (583)
[2021.04.06-16.16.17:870][121]LogModuleManager: Shutting down and abandoning module WindowsPlatformEditor (580)
[2021.04.06-16.16.17:870][121]LogModuleManager: Shutting down and abandoning module LuminRuntimeSettings (578)
[2021.04.06-16.16.17:870][121]LogModuleManager: Shutting down and abandoning module IOSRuntimeSettings (576)
[2021.04.06-16.16.17:870][121]LogModuleManager: Shutting down and abandoning module AndroidRuntimeSettings (574)
[2021.04.06-16.16.17:870][121]LogModuleManager: Shutting down and abandoning module EditorInteractiveToolsFramework (572)
[2021.04.06-16.16.17:870][121]LogModuleManager: Shutting down and abandoning module TimeManagementEditor (570)
[2021.04.06-16.16.17:872][121]LogModuleManager: Shutting down and abandoning module InputBindingEditor (568)
[2021.04.06-16.16.17:873][121]LogModuleManager: Shutting down and abandoning module MergeActors (566)
[2021.04.06-16.16.17:875][121]LogModuleManager: Shutting down and abandoning module LocalizationDashboard (564)
[2021.04.06-16.16.17:877][121]LogModuleManager: Shutting down and abandoning module LocalizationService (563)
[2021.04.06-16.16.17:878][121]LogModuleManager: Shutting down and abandoning module HardwareTargeting (560)
[2021.04.06-16.16.17:878][121]LogModuleManager: Shutting down and abandoning module DeviceProfileEditor (558)
[2021.04.06-16.16.17:879][121]LogModuleManager: Shutting down and abandoning module UndoHistory (556)
[2021.04.06-16.16.17:880][121]LogModuleManager: Shutting down and abandoning module XmlParser (554)
[2021.04.06-16.16.17:881][121]LogModuleManager: Shutting down and abandoning module Blutility (552)
[2021.04.06-16.16.17:881][121]LogModuleManager: Shutting down and abandoning module ProjectSettingsViewer (550)
[2021.04.06-16.16.17:881][121]LogModuleManager: Shutting down and abandoning module ProjectTargetPlatformEditor (549)
[2021.04.06-16.16.17:882][121]LogModuleManager: Shutting down and abandoning module EditorSettingsViewer (546)
[2021.04.06-16.16.17:883][121]LogModuleManager: Shutting down and abandoning module SettingsEditor (544)
[2021.04.06-16.16.17:884][121]LogModuleManager: Shutting down and abandoning module ProjectLauncher (542)
[2021.04.06-16.16.17:886][121]LogModuleManager: Shutting down and abandoning module SessionFrontend (540)
[2021.04.06-16.16.17:886][121]LogModuleManager: Shutting down and abandoning module ProfilerClient (538)
[2021.04.06-16.16.17:887][121]LogModuleManager: Shutting down and abandoning module DeviceManager (536)
[2021.04.06-16.16.17:888][121]LogModuleManager: Shutting down and abandoning module TargetDeviceServices (535)
[2021.04.06-16.16.17:922][121]LogModuleManager: Shutting down and abandoning module AutomationController (532)
[2021.04.06-16.16.17:923][121]LogModuleManager: Shutting down and abandoning module AutomationWindow (530)
[2021.04.06-16.16.17:924][121]LogModuleManager: Shutting down and abandoning module Layers (528)
[2021.04.06-16.16.17:928][121]LogModuleManager: Shutting down and abandoning module ComponentVisualizers (526)
[2021.04.06-16.16.17:928][121]LogModuleManager: Shutting down and abandoning module DetailCustomizations (524)
[2021.04.06-16.16.17:929][121]LogModuleManager: Shutting down and abandoning module PackagesDialog (522)
[2021.04.06-16.16.17:931][121]LogModuleManager: Shutting down and abandoning module AnimationBlueprintEditor (520)
[2021.04.06-16.16.17:936][121]LogModuleManager: Shutting down and abandoning module Persona (518)
[2021.04.06-16.16.17:938][121]LogModuleManager: Shutting down and abandoning module AdvancedPreviewScene (517)
[2021.04.06-16.16.17:938][121]LogModuleManager: Shutting down and abandoning module AnimGraph (515)
[2021.04.06-16.16.17:939][121]LogModuleManager: Shutting down and abandoning module Kismet (512)
[2021.04.06-16.16.17:943][121]LogModuleManager: Shutting down and abandoning module KismetWidgets (511)
[2021.04.06-16.16.17:944][121]LogModuleManager: Shutting down and abandoning module GraphEditor (508)
[2021.04.06-16.16.17:950][121]LogModuleManager: Shutting down and abandoning module StructViewer (506)
[2021.04.06-16.16.17:950][121]LogModuleManager: Shutting down and abandoning module ClassViewer (504)
[2021.04.06-16.16.17:950][121]LogModuleManager: Shutting down and abandoning module Toolbox (502)
[2021.04.06-16.16.17:950][121]LogModuleManager: Shutting down and abandoning module ModuleUI (500)
[2021.04.06-16.16.17:951][121]LogModuleManager: Shutting down and abandoning module OutputLog (498)
[2021.04.06-16.16.17:951][121]LogModuleManager: Shutting down and abandoning module GammaUI (496)
[2021.04.06-16.16.17:952][121]LogModuleManager: Shutting down and abandoning module Documentation (494)
[2021.04.06-16.16.17:952][121]LogModuleManager: Shutting down and abandoning module ToolMenus (492)
[2021.04.06-16.16.17:952][121]LogModuleManager: Shutting down and abandoning module LiveCoding (490)
[2021.04.06-16.16.17:954][121]LogModuleManager: Shutting down and abandoning module LevelSequence (488)
[2021.04.06-16.16.17:954][121]LogModuleManager: Shutting down and abandoning module MovieSceneTracks (486)
[2021.04.06-16.16.17:954][121]LogModuleManager: Shutting down and abandoning module MovieScene (484)
[2021.04.06-16.16.17:955][121]LogModuleManager: Shutting down and abandoning module StreamingPauseRendering (482)
[2021.04.06-16.16.17:956][121]LogModuleManager: Shutting down and abandoning module LauncherPlatform (480)
[2021.04.06-16.16.17:956][121]LogModuleManager: Shutting down and abandoning module AnalyticsET (478)
[2021.04.06-16.16.17:956][121]LogModuleManager: Shutting down and abandoning module PortalServices (476)
[2021.04.06-16.16.17:956][121]LogModuleManager: Shutting down and abandoning module PortalRpc (474)
[2021.04.06-16.16.17:956][121]LogModuleManager: Shutting down and abandoning module MessagingRpc (472)
[2021.04.06-16.16.17:956][121]LogModuleManager: Shutting down and abandoning module AudioMixerXAudio2 (470)
[2021.04.06-16.16.17:956][121]LogModuleManager: Shutting down and abandoning module AIModule (468)
[2021.04.06-16.16.17:958][121]LogModuleManager: Shutting down and abandoning module GameplayDebugger (467)
[2021.04.06-16.16.17:958][121]LogModuleManager: Shutting down and abandoning module AITestSuite (465)
[2021.04.06-16.16.17:958][121]LogModuleManager: Shutting down and abandoning module NavigationSystem (463)
[2021.04.06-16.16.17:958][121]LogModuleManager: Shutting down and abandoning module ImageWriteQueue (460)
[2021.04.06-16.16.17:966][121]LogModuleManager: Shutting down and abandoning module ProfilerService (458)
[2021.04.06-16.16.18:105][121]LogModuleManager: Shutting down and abandoning module TaskGraph (456)
[2021.04.06-16.16.18:106][121]LogModuleManager: Shutting down and abandoning module ScreenshotTools (454)
[2021.04.06-16.16.18:106][121]LogModuleManager: Shutting down and abandoning module ProceduralMeshComponentEditor (452)
[2021.04.06-16.16.18:107][121]LogModuleManager: Shutting down and abandoning module ProceduralMeshComponent (450)
[2021.04.06-16.16.18:107][121]LogModuleManager: Shutting down and abandoning module OculusEditor (448)
[2021.04.06-16.16.18:107][121]LogModuleManager: Shutting down and abandoning module OculusInput (446)
[2021.04.06-16.16.18:107][121]LogModuleManager: Shutting down and abandoning module MobilePatchingUtils (444)
[2021.04.06-16.16.18:107][121]LogModuleManager: Shutting down and abandoning module EditableMesh (442)
[2021.04.06-16.16.18:108][121]LogModuleManager: Shutting down and abandoning module CustomMeshComponent (440)
[2021.04.06-16.16.18:108][121]LogModuleManager: Shutting down and abandoning module CableComponent (438)
[2021.04.06-16.16.18:108][121]LogModuleManager: Shutting down and abandoning module AudioCapture (436)
[2021.04.06-16.16.18:108][121]LogModuleManager: Shutting down and abandoning module AudioCaptureRtAudio (435)
[2021.04.06-16.16.18:108][121]LogModuleManager: Shutting down and abandoning module AssetTags (432)
[2021.04.06-16.16.18:108][121]LogModuleManager: Shutting down and abandoning module ArchVisCharacter (430)
[2021.04.06-16.16.18:108][121]LogModuleManager: Shutting down and abandoning module AppleImageUtilsBlueprintSupport (428)
[2021.04.06-16.16.18:108][121]LogModuleManager: Shutting down and abandoning module AppleImageUtils (426)
[2021.04.06-16.16.18:108][121]LogModuleManager: Shutting down and abandoning module AndroidPermission (424)
[2021.04.06-16.16.18:108][121]LogModuleManager: Shutting down and abandoning module NUTUnrealEngine4 (422)
[2021.04.06-16.16.18:109][121]LogModuleManager: Shutting down and abandoning module NetcodeUnitTest (420)
[2021.04.06-16.16.18:114][121]LogModuleManager: Shutting down and abandoning module MediaCompositing (418)
[2021.04.06-16.16.18:114][121]LogModuleManager: Shutting down and abandoning module ImgMedia (416)
[2021.04.06-16.16.18:114][121]LogModuleManager: Shutting down and abandoning module VaRestEditor (414)
[2021.04.06-16.16.18:114][121]LogModuleManager: Shutting down and abandoning module MagicLeapHelperVulkan (412)
[2021.04.06-16.16.18:114][121]LogModuleManager: Shutting down and abandoning module MagicLeapHelperOpenGL (410)
[2021.04.06-16.16.18:114][121]LogModuleManager: Shutting down and abandoning module MagicLeapAudio (408)
[2021.04.06-16.16.18:114][121]LogModuleManager: Shutting down and abandoning module GeometryCacheTracks (406)
[2021.04.06-16.16.18:114][121]LogModuleManager: Shutting down and abandoning module GeometryCacheSequencer (404)
[2021.04.06-16.16.18:114][121]LogModuleManager: Shutting down and abandoning module BackChannel (402)
[2021.04.06-16.16.18:115][121]LogModuleManager: Shutting down and abandoning module AutomationUtilsEditor (400)
[2021.04.06-16.16.18:116][121]LogModuleManager: Shutting down and abandoning module AutomationUtils (398)
[2021.04.06-16.16.18:116][121]LogModuleManager: Shutting down and abandoning module AlembicImporter (396)
[2021.04.06-16.16.18:117][121]LogModuleManager: Shutting down and abandoning module AlembicLibrary (395)
[2021.04.06-16.16.18:118][121]LogModuleManager: Shutting down and abandoning module GeometryCache (394)
[2021.04.06-16.16.18:118][121]LogModuleManager: Shutting down and abandoning module GeometryCacheEd (393)
[2021.04.06-16.16.18:118][121]LogModuleManager: Shutting down and abandoning module VariantManagerContentEditor (388)
[2021.04.06-16.16.18:119][121]LogModuleManager: Shutting down and abandoning module DatasmithContentEditor (386)
[2021.04.06-16.16.18:120][121]LogModuleManager: Shutting down and abandoning module SpeedTreeImporter (384)
[2021.04.06-16.16.18:121][121]LogModuleManager: Shutting down and abandoning module PluginBrowser (382)
[2021.04.06-16.16.18:125][121]LogModuleManager: Shutting down and abandoning module MobileLauncherProfileWizard (380)
[2021.04.06-16.16.18:127][121]LogModuleManager: Shutting down and abandoning module MaterialAnalyzer (378)
[2021.04.06-16.16.18:128][121]LogModuleManager: Shutting down and abandoning module CurveEditorTools (376)
[2021.04.06-16.16.18:129][121]LogModuleManager: Shutting down and abandoning module CryptoKeysOpenSSL (374)
[2021.04.06-16.16.18:129][121]LogModuleManager: Shutting down and abandoning module CryptoKeys (372)
[2021.04.06-16.16.18:129][121]LogModuleManager: Shutting down and abandoning module VisualStudioSourceCodeAccess (370)
[2021.04.06-16.16.18:130][121]LogModuleManager: Shutting down and abandoning module VisualStudioCodeSourceCodeAccess (368)
[2021.04.06-16.16.18:130][121]LogModuleManager: Shutting down and abandoning module UObjectPlugin (366)
[2021.04.06-16.16.18:130][121]LogModuleManager: Shutting down and abandoning module SubversionSourceControl (364)
[2021.04.06-16.16.18:132][121]LogModuleManager: Shutting down and abandoning module PlasticSourceControl (362)
[2021.04.06-16.16.18:135][121]LogModuleManager: Shutting down and abandoning module PerforceSourceControl (360)
[2021.04.06-16.16.18:140][121]LogModuleManager: Shutting down and abandoning module GitSourceControl (358)
[2021.04.06-16.16.18:143][121]LogModuleManager: Shutting down and abandoning module SourceControl (357)
[2021.04.06-16.16.18:144][121]LogModuleManager: Shutting down and abandoning module CLionSourceCodeAccess (354)
[2021.04.06-16.16.18:145][121]LogModuleManager: Shutting down and abandoning module AnimationSharingEd (352)
[2021.04.06-16.16.18:145][121]LogModuleManager: Shutting down and abandoning module ActorLayerUtilitiesEditor (350)
[2021.04.06-16.16.18:145][121]LogModuleManager: Shutting down and abandoning module ActorLayerUtilities (348)
[2021.04.06-16.16.18:145][121]LogModuleManager: Shutting down and abandoning module LightPropagationVolumeEditor (346)
[2021.04.06-16.16.18:145][121]LogModuleManager: Shutting down and abandoning module PaperTiledImporter (344)
[2021.04.06-16.16.18:145][121]LogModuleManager: Shutting down and abandoning module PaperSpriteSheetImporter (342)
[2021.04.06-16.16.18:145][121]LogModuleManager: Shutting down and abandoning module Paper2DEditor (340)
[2021.04.06-16.16.18:151][121]LogModuleManager: Shutting down and abandoning module SignificanceManager (338)
[2021.04.06-16.16.18:151][121]LogModuleManager: Shutting down and abandoning module RuntimePhysXCooking (336)
[2021.04.06-16.16.18:151][121]LogModuleManager: Shutting down and abandoning module PhysXVehiclesEditor (334)
[2021.04.06-16.16.18:151][121]LogModuleManager: Shutting down and abandoning module LocationServicesBPLibrary (330)
[2021.04.06-16.16.18:151][121]LogModuleManager: Shutting down and abandoning module ActorSequence (328)
[2021.04.06-16.16.18:151][121]LogModuleManager: Shutting down and abandoning module UdpMessaging (326)
[2021.04.06-16.16.18:252][121]LogModuleManager: Shutting down and abandoning module TcpMessaging (324)
[2021.04.06-16.16.18:354][121]LogModuleManager: Shutting down and abandoning module VaRest (322)
[2021.04.06-16.16.18:354][121]LogModuleManager: Shutting down and abandoning module MagicLeapPrivileges (320)
[2021.04.06-16.16.18:355][121]LogModuleManager: Shutting down and abandoning module MagicLeapPlanes (318)
[2021.04.06-16.16.18:355][121]LogMagicLeapPlanes: Planes tracker already destroyed.
[2021.04.06-16.16.18:355][121]LogModuleManager: Shutting down and abandoning module MagicLeapIdentity (316)
[2021.04.06-16.16.18:355][121]LogModuleManager: Shutting down and abandoning module MagicLeapSecureStorage (314)
[2021.04.06-16.16.18:355][121]LogModuleManager: Shutting down and abandoning module MagicLeapImageTracker (312)
[2021.04.06-16.16.18:355][121]LogModuleManager: Shutting down and abandoning module MagicLeapHandTracking (310)
[2021.04.06-16.16.18:355][121]LogModuleManager: Shutting down and abandoning module MagicLeapHandMeshing (308)
[2021.04.06-16.16.18:356][121]LogModuleManager: Shutting down and abandoning module MagicLeapEyeTracker (306)
[2021.04.06-16.16.18:356][121]LogModuleManager: Shutting down and abandoning module MagicLeapController (304)
[2021.04.06-16.16.18:356][121]LogSlate: Slate User Destroyed.  User Index 0, Is Virtual User: 0
[2021.04.06-16.16.18:356][121]LogModuleManager: Shutting down and abandoning module MagicLeapARPin (302)
[2021.04.06-16.16.18:356][121]LogModuleManager: Shutting down and abandoning module MagicLeapAR (300)
[2021.04.06-16.16.18:356][121]LogModuleManager: Shutting down and abandoning module AugmentedReality (299)
[2021.04.06-16.16.18:356][121]LogModuleManager: Shutting down and abandoning module GameplayTagsEditor (296)
[2021.04.06-16.16.18:356][121]LogModuleManager: Shutting down and abandoning module FacialAnimationEditor (294)
[2021.04.06-16.16.18:356][121]LogModuleManager: Shutting down and abandoning module FacialAnimation (292)
[2021.04.06-16.16.18:356][121]LogModuleManager: Shutting down and abandoning module DataValidation (290)
[2021.04.06-16.16.18:356][121]LogModuleManager: Shutting down and abandoning module AssetManagerEditor (288)
[2021.04.06-16.16.18:358][121]LogModuleManager: Shutting down and abandoning module LevelEditor (287)
[2021.04.06-16.16.18:359][121]LogModuleManager: Shutting down and abandoning module PixelInspectorModule (286)
[2021.04.06-16.16.18:360][121]LogModuleManager: Shutting down and abandoning module CommonMenuExtensions (284)
[2021.04.06-16.16.18:360][121]LogModuleManager: Shutting down and abandoning module MainFrame (282)
[2021.04.06-16.16.18:360][121]LogModuleManager: Shutting down and abandoning module HotReload (281)
[2021.04.06-16.16.18:362][121]LogModuleManager: Shutting down and abandoning module ContentBrowser (277)
[2021.04.06-16.16.18:363][121]LogModuleManager: Shutting down and abandoning module TreeMap (275)
[2021.04.06-16.16.18:364][121]LogModuleManager: Shutting down and abandoning module AnimationSharing (272)
[2021.04.06-16.16.18:364][121]LogModuleManager: Shutting down and abandoning module LightPropagationVolumeRuntime (270)
[2021.04.06-16.16.18:364][121]LogModuleManager: Shutting down and abandoning module Paper2D (268)
[2021.04.06-16.16.18:365][121]LogModuleManager: Shutting down and abandoning module WindowsMoviePlayer (266)
[2021.04.06-16.16.18:369][121]LogModuleManager: Shutting down and abandoning module WebMMoviePlayer (264)
[2021.04.06-16.16.18:370][121]LogModuleManager: Shutting down and abandoning module NetworkReplayStreaming (262)
[2021.04.06-16.16.18:370][121]LogModuleManager: Shutting down and abandoning module PacketHandler (260)
[2021.04.06-16.16.18:370][121]LogModuleManager: Shutting down and abandoning module ClothingSystemEditor (258)
[2021.04.06-16.16.18:370][121]LogModuleManager: Shutting down and abandoning module ClothingSystemRuntimeNv (256)
[2021.04.06-16.16.18:373][121]LogModuleManager: Shutting down and abandoning module MediaAssets (254)
[2021.04.06-16.16.18:373][121]LogModuleManager: Shutting down and abandoning module Overlay (252)
[2021.04.06-16.16.18:373][121]LogModuleManager: Shutting down and abandoning module OverlayEditor (251)
[2021.04.06-16.16.18:373][121]LogModuleManager: Shutting down and abandoning module VREditor (248)
[2021.04.06-16.16.18:374][121]LogModuleManager: Shutting down and abandoning module StringTableEditor (246)
[2021.04.06-16.16.18:375][121]LogModuleManager: Shutting down and abandoning module GameplayTasksEditor (244)
[2021.04.06-16.16.18:376][121]LogModuleManager: Shutting down and abandoning module BehaviorTreeEditor (242)
[2021.04.06-16.16.18:379][121]LogModuleManager: Shutting down and abandoning module FunctionalTesting (240)
[2021.04.06-16.16.18:380][121]LogModuleManager: Shutting down and abandoning module CollisionAnalyzer (238)
[2021.04.06-16.16.18:383][121]LogModuleManager: Shutting down and abandoning module WorkspaceMenuStructure (237)
[2021.04.06-16.16.18:387][121]LogModuleManager: Shutting down and abandoning module UMG (234)
[2021.04.06-16.16.18:387][121]LogModuleManager: Shutting down and abandoning module UMGEditor (233)
[2021.04.06-16.16.18:388][121]LogModuleManager: Shutting down and abandoning module MessageLog (231)
[2021.04.06-16.16.18:388][121]LogModuleManager: Shutting down and abandoning module SlateReflector (226)
[2021.04.06-16.16.18:392][121]LogModuleManager: Shutting down and abandoning module Slate (224)
[2021.04.06-16.16.18:392][121]LogModuleManager: Shutting down and abandoning module SlateCore (222)
[2021.04.06-16.16.18:392][121]LogModuleManager: Shutting down and abandoning module LandscapeEditorUtilities (220)
[2021.04.06-16.16.18:392][121]LogModuleManager: Shutting down and abandoning module UnrealEd (218)
[2021.04.06-16.16.18:393][121]LogModuleManager: Shutting down and abandoning module MRMesh (216)
[2021.04.06-16.16.18:393][121]LogModuleManager: Shutting down and abandoning module SourceCodeAccess (214)
[2021.04.06-16.16.18:393][121]LogModuleManager: Shutting down and abandoning module HeadMountedDisplay (212)
[2021.04.06-16.16.18:394][121]LogModuleManager: Shutting down and abandoning module XAudio2 (210)
[2021.04.06-16.16.18:394][121]LogModuleManager: Shutting down and abandoning module Networking (208)
[2021.04.06-16.16.18:394][121]LogModuleManager: Shutting down and abandoning module Core (206)
[2021.04.06-16.16.18:394][121]LogModuleManager: Shutting down and abandoning module MovieSceneTools (204)
[2021.04.06-16.16.18:395][121]LogModuleManager: Shutting down and abandoning module CurveEditor (203)
[2021.04.06-16.16.18:397][121]LogModuleManager: Shutting down and abandoning module Sequencer (201)
[2021.04.06-16.16.18:401][121]LogModuleManager: Shutting down and abandoning module EditorStyle (200)
[2021.04.06-16.16.18:402][121]LogModuleManager: Shutting down and abandoning module KismetCompiler (196)
[2021.04.06-16.16.18:402][121]LogModuleManager: Shutting down and abandoning module MeshUtilities (194)
[2021.04.06-16.16.18:402][121]LogModuleManager: Shutting down and abandoning module MeshMergeUtilities (193)
[2021.04.06-16.16.18:403][121]LogModuleManager: Shutting down and abandoning module MeshReductionInterface (192)
[2021.04.06-16.16.18:403][121]LogModuleManager: Shutting down and abandoning module MeshBoneReduction (191)
[2021.04.06-16.16.18:404][121]LogModuleManager: Shutting down and abandoning module SkeletalMeshReduction (189)
[2021.04.06-16.16.18:404][121]LogModuleManager: Shutting down and abandoning module ProxyLODMeshReduction (187)
[2021.04.06-16.16.18:406][121]LogModuleManager: Shutting down and abandoning module QuadricMeshReduction (185)
[2021.04.06-16.16.18:407][121]LogModuleManager: Shutting down and abandoning module MaterialBaking (181)
[2021.04.06-16.16.18:407][121]LogModuleManager: Shutting down and abandoning module NullInstallBundleManager (176)
[2021.04.06-16.16.18:407][121]LogModuleManager: Shutting down and abandoning module DerivedDataCache (174)
[2021.04.06-16.16.18:407][121]LogDerivedDataCache: Shutdown
[2021.04.06-16.16.18:407][121]LogModuleManager: Shutting down and abandoning module XGEController (172)
[2021.04.06-16.16.18:407][121]LogXGEController: Cleaning working directory: C:/Users/Lortet/AppData/Local/Temp/UnrealXGEWorkingDir/
[2021.04.06-16.16.18:408][121]LogModuleManager: Shutting down and abandoning module TargetPlatform (170)
[2021.04.06-16.16.18:408][121]LogModuleManager: Shutting down and abandoning module VulkanShaderFormat (169)
[2021.04.06-16.16.18:408][121]LogModuleManager: Shutting down and abandoning module ShaderFormatVectorVM (167)
[2021.04.06-16.16.18:409][121]LogModuleManager: Shutting down and abandoning module ShaderFormatOpenGL (165)
[2021.04.06-16.16.18:409][121]LogModuleManager: Shutting down and abandoning module ShaderFormatD3D (163)
[2021.04.06-16.16.18:409][121]LogModuleManager: Shutting down and abandoning module MetalShaderFormat (161)
[2021.04.06-16.16.18:410][121]LogModuleManager: Shutting down and abandoning module TextureFormatUncompressed (159)
[2021.04.06-16.16.18:410][121]LogModuleManager: Shutting down and abandoning module TextureFormatPVR (157)
[2021.04.06-16.16.18:410][121]LogModuleManager: Shutting down and abandoning module TextureFormatDXT (155)
[2021.04.06-16.16.18:411][121]LogModuleManager: Shutting down and abandoning module TextureFormatIntelISPCTexComp (153)
[2021.04.06-16.16.18:411][121]LogModuleManager: Shutting down and abandoning module TextureFormatASTC (151)
[2021.04.06-16.16.18:411][121]LogModuleManager: Shutting down and abandoning module ImageWrapper (150)
[2021.04.06-16.16.18:411][121]LogModuleManager: Shutting down and abandoning module TextureFormatAndroid (147)
[2021.04.06-16.16.18:411][121]LogModuleManager: Shutting down and abandoning module AudioFormatOpus (145)
[2021.04.06-16.16.18:412][121]LogModuleManager: Shutting down and abandoning module AudioFormatOgg (143)
[2021.04.06-16.16.18:412][121]LogModuleManager: Shutting down and abandoning module AudioFormatADPCM (141)
[2021.04.06-16.16.18:412][121]LogModuleManager: Shutting down and abandoning module WindowsServerTargetPlatform (139)
[2021.04.06-16.16.18:412][121]LogModuleManager: Shutting down and abandoning module WindowsClientTargetPlatform (137)
[2021.04.06-16.16.18:412][121]LogModuleManager: Shutting down and abandoning module WindowsTargetPlatform (135)
[2021.04.06-16.16.18:412][121]LogModuleManager: Shutting down and abandoning module WindowsNoEditorTargetPlatform (133)
[2021.04.06-16.16.18:412][121]LogModuleManager: Shutting down and abandoning module TVOSTargetPlatform (131)
[2021.04.06-16.16.18:415][121]LogModuleManager: Shutting down and abandoning module LuminTargetPlatform (129)
[2021.04.06-16.16.18:419][121]LogModuleManager: Shutting down and abandoning module LinuxAArch64ServerTargetPlatform (127)
[2021.04.06-16.16.18:419][121]LogModuleManager: Shutting down and abandoning module LinuxAArch64ClientTargetPlatform (125)
[2021.04.06-16.16.18:419][121]LogModuleManager: Shutting down and abandoning module LinuxAArch64NoEditorTargetPlatform (123)
[2021.04.06-16.16.18:420][121]LogModuleManager: Shutting down and abandoning module LinuxServerTargetPlatform (121)
[2021.04.06-16.16.18:420][121]LogModuleManager: Shutting down and abandoning module LinuxClientTargetPlatform (119)
[2021.04.06-16.16.18:420][121]LogModuleManager: Shutting down and abandoning module LinuxNoEditorTargetPlatform (117)
[2021.04.06-16.16.18:421][121]LogModuleManager: Shutting down and abandoning module Messaging (115)
[2021.04.06-16.16.18:421][121]LogModuleManager: Shutting down and abandoning module IOSTargetPlatform (113)
[2021.04.06-16.16.18:423][121]LogModuleManager: Shutting down and abandoning module AndroidTargetPlatform (111)
[2021.04.06-16.16.18:434][121]LogModuleManager: Shutting down and abandoning module AllDesktopTargetPlatform (109)
[2021.04.06-16.16.18:434][121]LogModuleManager: Shutting down and abandoning module InputCore (106)
[2021.04.06-16.16.18:434][121]LogModuleManager: Shutting down and abandoning module Settings (104)
[2021.04.06-16.16.18:434][121]LogModuleManager: Shutting down and abandoning module DirectoryWatcher (102)
[2021.04.06-16.16.18:435][121]LogModuleManager: Shutting down and abandoning module PhysXCooking (100)
[2021.04.06-16.16.18:435][121]LogModuleManager: Shutting down and abandoning module ChaosSolvers (98)
[2021.04.06-16.16.18:436][121]LogModuleManager: Shutting down and abandoning module FieldSystemEngine (97)
[2021.04.06-16.16.18:436][121]LogModuleManager: Shutting down and abandoning module Chaos (94)
[2021.04.06-16.16.18:436][121]LogModuleManager: Shutting down and abandoning module WindowsPlatformFeatures (92)
[2021.04.06-16.16.18:436][121]LogModuleManager: Shutting down and abandoning module GameplayMediaEncoder (91)
[2021.04.06-16.16.18:437][121]LogModuleManager: Shutting down and abandoning module SteamVRInputDevice (88)
[2021.04.06-16.16.18:437][121]LogModuleManager: Shutting down and abandoning module SteamVRInput (86)
[2021.04.06-16.16.18:437][121]LogModuleManager: Shutting down and abandoning module SteamVR (84)
[2021.04.06-16.16.18:438][121]LogHMD: Freeing OpenVRDLLHandle.
[2021.04.06-16.16.18:438][121]LogModuleManager: Shutting down and abandoning module OculusHMD (82)
[2021.04.06-16.16.18:439][121]LogModuleManager: Shutting down and abandoning module ExampleDeviceProfileSelector (80)
[2021.04.06-16.16.18:439][121]LogModuleManager: Shutting down and abandoning module LauncherChunkInstaller (78)
[2021.04.06-16.16.18:439][121]LogModuleManager: Shutting down and abandoning module OnlineBlueprintSupport (76)
[2021.04.06-16.16.18:439][121]LogModuleManager: Shutting down and abandoning module OnlineSubsystem (72)
[2021.04.06-16.16.18:445][121]LogModuleManager: Shutting down and abandoning module XMPP (67)
[2021.04.06-16.16.18:447][121]LogModuleManager: Shutting down and abandoning module WebSockets (66)
[2021.04.06-16.16.18:478][121]LogModuleManager: Shutting down and abandoning module HTTP (63)
[2021.04.06-16.16.18:478][121]LogHttp: Display: Http module shutting down, but needs to wait on 1 outstanding Http requests:
[2021.04.06-16.16.18:478][121]LogHttp: Display: 	verb=[POST] url=[https://datarouter.ol.epicgames.com/datarouter/api/v1/public/data?SessionID=%7BE99B770F-4282-67F6-6ED6-08AF2E895795%7D&AppID=UEEditor.Rocket.Release&AppVersion=4.24.3-11590370%2B%2B%2BUE4%2BRelease-4.24&UserID=891e7331491eea847e9e20a3fb164a51%7Cbc972c15b757437989f644c7f0df265f%7C65ca657e-fe40-4480-9315-56358c636e30&AppEnvironment=datacollector-binary&UploadType=eteventstream] refs=[1] status=Processing
[2021.04.06-16.16.18:515][121]LogModuleManager: Shutting down and abandoning module SSL (62)
[2021.04.06-16.16.18:518][121]LogModuleManager: Shutting down and abandoning module WmfMedia (58)
[2021.04.06-16.16.18:528][121]LogModuleManager: Shutting down and abandoning module Media (57)
[2021.04.06-16.16.18:529][121]LogModuleManager: Shutting down and abandoning module MagicLeap (54)
[2021.04.06-16.16.18:529][121]LogModuleManager: Shutting down and abandoning module VariantManagerContent (52)
[2021.04.06-16.16.18:529][121]LogModuleManager: Shutting down and abandoning module DatasmithContent (50)
[2021.04.06-16.16.18:530][121]LogModuleManager: Shutting down and abandoning module AISupportModule (48)
[2021.04.06-16.16.18:530][121]LogModuleManager: Shutting down and abandoning module DesktopPlatform (46)
[2021.04.06-16.16.18:530][121]LogModuleManager: Shutting down and abandoning module PlatformCryptoOpenSSL (44)
[2021.04.06-16.16.18:530][121]LogModuleManager: Shutting down and abandoning module PlatformCryptoTypes (42)
[2021.04.06-16.16.18:530][121]LogModuleManager: Shutting down and abandoning module PlatformCrypto (40)
[2021.04.06-16.16.18:530][121]LogModuleManager: Shutting down and abandoning module AnimationModifiers (38)
[2021.04.06-16.16.18:531][121]LogModuleManager: Shutting down and abandoning module PropertyEditor (37)
[2021.04.06-16.16.18:533][121]LogModuleManager: Shutting down and abandoning module AudioEditor (34)
[2021.04.06-16.16.18:535][121]LogModuleManager: Shutting down and abandoning module TextureCompressor (32)
[2021.04.06-16.16.18:537][121]LogModuleManager: Shutting down and abandoning module RenderCore (30)
[2021.04.06-16.16.18:538][121]LogModuleManager: Shutting down and abandoning module Landscape (28)
[2021.04.06-16.16.18:538][121]LogModuleManager: Shutting down and abandoning module SlateRHIRenderer (26)
[2021.04.06-16.16.18:542][121]LogModuleManager: Shutting down and abandoning module OpenGLDrv (24)
[2021.04.06-16.16.18:547][121]LogModuleManager: Shutting down and abandoning module D3D11RHI (22)
[2021.04.06-16.16.18:547][121]LogModuleManager: Shutting down and abandoning module AnimGraphRuntime (20)
[2021.04.06-16.16.18:550][121]LogModuleManager: Shutting down and abandoning module Renderer (18)
[2021.04.06-16.16.18:551][121]LogModuleManager: Shutting down and abandoning module Engine (16)
[2021.04.06-16.16.18:552][121]LogModuleManager: Shutting down and abandoning module CoreUObject (14)
[2021.04.06-16.16.18:552][121]LogModuleManager: Shutting down and abandoning module NetworkFile (12)
[2021.04.06-16.16.18:552][121]LogModuleManager: Shutting down and abandoning module CookedIterativeFile (10)
[2021.04.06-16.16.18:552][121]LogModuleManager: Shutting down and abandoning module StreamingFile (8)
[2021.04.06-16.16.18:553][121]LogModuleManager: Shutting down and abandoning module SandboxFile (6)
[2021.04.06-16.16.18:553][121]LogModuleManager: Shutting down and abandoning module PakFile (4)
[2021.04.06-16.16.18:553][121]LogModuleManager: Shutting down and abandoning module RSA (3)
[2021.04.06-16.16.18:556][121]LogD3D11RHI: Shutdown
[2021.04.06-16.16.18:556][121]LogD3D11RHI: CleanupD3DDevice
[2021.04.06-16.16.18:633][121]LogExit: Exiting.
[2021.04.06-16.16.18:669][121]Log file closed, 04/06/21 18:16:18
